This is LuaHBTeX, Version 1.14.0 (MiKTeX 22.1) (format=lualatex 2024.4.9)  10 APR 2024 18:11
 system commands enabled.
 file:line:error style messages enabled.
**"/Users/larryslai/Library/CloudStorage/Dropbox/My Documents/Geomorphica/Templ
ates/Geomorphica LaTeX template/main"

("/Users/larryslai/Library/CloudStorage/Dropbox/My Documents/Geomorphica/Templa
tes/Geomorphica LaTeX template/main.tex"
LaTeX2e <2023-11-01> patch level 1
L3 programming layer <2024-03-14>
Lua module: luaotfload 2024-02-14 3.28 Lua based OpenType font support
Lua module: lualibs 2023-07-13 2.76 ConTeXt Lua standard libraries.
Lua module: lualibs-extended 2023-07-13 2.76 ConTeXt Lua libraries -- extended c
ollection.
luaotfload | conf : Root cache directory is "/Users/larryslai/Library/Applicatio
n Support/MiKTeX/texmfs/data/luatex-cache/generic/names".
luaotfload | init : Loading fontloader "fontloader-2023-12-28.lua" from kpse-res
olved path "/Library/Application Support/MiKTeX/texmfs/install/tex/luatex/luaotf
load/fontloader-2023-12-28.lua".
Lua-only attribute luaotfload@noligature = 1
luaotfload | init : Context OpenType loader version 3.134
Inserting `luaotfload.node_processor' in `pre_linebreak_filter'.
Inserting `luaotfload.node_processor' in `hpack_filter'.
Inserting `luaotfload.glyph_stream' in `glyph_stream_provider'.
Inserting `luaotfload.define_font' in `define_font'.
Lua-only attribute luaotfload_color_attribute = 2
luaotfload | conf : Root cache directory is "/Users/larryslai/Library/Applicatio
n Support/MiKTeX/texmfs/data/luatex-cache/generic/names".
Inserting `luaotfload.harf.strip_prefix' in `find_opentype_file'.
Inserting `luaotfload.harf.strip_prefix' in `find_truetype_file'.
Removing  `luaotfload.glyph_stream' from `glyph_stream_provider'.
Inserting `luaotfload.harf.glyphstream' in `glyph_stream_provider'.
Inserting `luaotfload.harf.finalize_vlist' in `post_linebreak_filter'.
Inserting `luaotfload.harf.finalize_hlist' in `hpack_filter'.
Inserting `luaotfload.cleanup_files' in `wrapup_run'.
Inserting `luaotfload.harf.finalize_unicode' in `finish_pdffile'.
Inserting `luaotfload.glyphinfo' in `glyph_info'.
Lua-only attribute luaotfload.letterspace_done = 3
Inserting `luaotfload.aux.set_sscale_dimens' in `luaotfload.patch_font'.
Inserting `luaotfload.aux.set_font_index' in `luaotfload.patch_font'.
Inserting `luaotfload.aux.patch_cambria_domh' in `luaotfload.patch_font'.
Inserting `luaotfload.aux.fixup_fontdata' in `luaotfload.patch_font_unsafe'.
Inserting `luaotfload.aux.set_capheight' in `luaotfload.patch_font'.
Inserting `luaotfload.aux.set_xheight' in `luaotfload.patch_font'.
Inserting `luaotfload.rewrite_fontname' in `luaotfload.patch_font'.
Inserting `tracingstacklevels' in `input_level_string'.
("/Users/larryslai/Library/CloudStorage/Dropbox/My Documents/Geomorphica/Templa
tes/Geomorphica LaTeX template/geomorphica.cls"
Document Class: geomorphica 2022 LaTeX2e document class
("/Library/Application Support/MiKTeX/texmfs/install/tex/latex/base/article.cls
"
Document Class: article 2023/05/17 v1.4n Standard LaTeX document class
("/Library/Application Support/MiKTeX/texmfs/install/tex/latex/base/size11.clo"
File: size11.clo 2023/05/17 v1.4n Standard LaTeX file (size option)
luaotfload | db : Font names database loaded from /Users/larryslai/Library/Appli
cation Support/MiKTeX/texmfs/data/luatex-cache/generic/names/luaotfload-names.lu
c.gz)
\c@part=\count186
\c@section=\count187
\c@subsection=\count188
\c@subsubsection=\count189
\c@paragraph=\count190
\c@subparagraph=\count191
\c@figure=\count192
\c@table=\count193
\abovecaptionskip=\skip48
\belowcaptionskip=\skip49
\bibindent=\dimen139
)
("/Library/Application Support/MiKTeX/texmfs/install/tex/latex/geometry/geometr
y.sty"
Package: geometry 2020/01/02 v5.9 Page Geometry

("/Library/Application Support/MiKTeX/texmfs/install/tex/latex/graphics/keyval.
sty"
Package: keyval 2022/05/29 v1.15 key=value parser (DPC)
\KV@toks@=\toks17
)
("/Library/Application Support/MiKTeX/texmfs/install/tex/generic/iftex/ifvtex.s
ty"
Package: ifvtex 2019/10/25 v1.7 ifvtex legacy package. Use iftex instead.

("/Library/Application Support/MiKTeX/texmfs/install/tex/generic/iftex/iftex.st
y"
Package: iftex 2022/02/03 v1.0f TeX engine tests
))
\Gm@cnth=\count194
\Gm@cntv=\count195
\c@Gm@tempcnt=\count196
\Gm@bindingoffset=\dimen140
\Gm@wd@mp=\dimen141
\Gm@odd@mp=\dimen142
\Gm@even@mp=\dimen143
\Gm@layoutwidth=\dimen144
\Gm@layoutheight=\dimen145
\Gm@layouthoffset=\dimen146
\Gm@layoutvoffset=\dimen147
\Gm@dimlist=\toks18

("/Library/Application Support/MiKTeX/texmfs/install/tex/latex/geometry/geometr
y.cfg"))
("/Library/Application Support/MiKTeX/texmfs/install/tex/latex/xcolor/xcolor.st
y"
Package: xcolor 2023/11/15 v3.01 LaTeX color extensions (UK)

("/Library/Application Support/MiKTeX/texmfs/install/tex/latex/graphics-cfg/col
or.cfg"
File: color.cfg 2016/01/02 v1.6 sample color configuration
)
Package xcolor Info: Driver file: luatex.def on input line 274.

("/Library/Application Support/MiKTeX/texmfs/install/tex/latex/graphics-def/lua
tex.def"
File: luatex.def 2022/09/22 v1.2d Graphics/color driver for luatex
)
("/Library/Application Support/MiKTeX/texmfs/install/tex/latex/graphics/mathcol
or.ltx")
Package xcolor Info: Model `cmy' substituted by `cmy0' on input line 1350.
Package xcolor Info: Model `hsb' substituted by `rgb' on input line 1354.
Package xcolor Info: Model `RGB' extended on input line 1366.
Package xcolor Info: Model `HTML' substituted by `rgb' on input line 1368.
Package xcolor Info: Model `Hsb' substituted by `hsb' on input line 1369.
Package xcolor Info: Model `tHsb' substituted by `hsb' on input line 1370.
Package xcolor Info: Model `HSB' substituted by `hsb' on input line 1371.
Package xcolor Info: Model `Gray' substituted by `gray' on input line 1372.
Package xcolor Info: Model `wave' substituted by `hsb' on input line 1373.
)
("/Library/Application Support/MiKTeX/texmfs/install/tex/latex/colortbl/colortb
l.sty"
Package: colortbl 2024/02/20 v1.0g Color table columns (DPC)

("/Library/Application Support/MiKTeX/texmfs/install/tex/latex/tools/array.sty"
Package: array 2023/10/16 v2.5g Tabular extension package (FMi)
\col@sep=\dimen148
\ar@mcellbox=\box51
\extrarowheight=\dimen149
\NC@list=\toks19
\extratabsurround=\skip50
\backup@length=\skip51
\ar@cellbox=\box52
)
\everycr=\toks20
\minrowclearance=\skip52
\rownum=\count197
)
("/Library/Application Support/MiKTeX/texmfs/install/tex/latex/hyperref/hyperre
f.sty"
Package: hyperref 2024-01-20 v7.01h Hypertext links for LaTeX

("/Library/Application Support/MiKTeX/texmfs/install/tex/latex/kvsetkeys/kvsetk
eys.sty"
Package: kvsetkeys 2022-10-05 v1.19 Key value parser (HO)
)
("/Library/Application Support/MiKTeX/texmfs/install/tex/generic/kvdefinekeys/k
vdefinekeys.sty"
Package: kvdefinekeys 2019-12-19 v1.6 Define keys (HO)
)
("/Library/Application Support/MiKTeX/texmfs/install/tex/generic/pdfescape/pdfe
scape.sty"
Package: pdfescape 2019/12/09 v1.15 Implements pdfTeX's escape features (HO)

("/Library/Application Support/MiKTeX/texmfs/install/tex/generic/ltxcmds/ltxcmd
s.sty"
Package: ltxcmds 2023-12-04 v1.26 LaTeX kernel commands for general use (HO)
)
("/Library/Application Support/MiKTeX/texmfs/install/tex/generic/pdftexcmds/pdf
texcmds.sty"
Package: pdftexcmds 2020-06-27 v0.33 Utility functions of pdfTeX for LuaTeX (HO
)

("/Library/Application Support/MiKTeX/texmfs/install/tex/generic/infwarerr/infw
arerr.sty"
Package: infwarerr 2019/12/03 v1.5 Providing info/warning/error messages (HO)
)
Package pdftexcmds Info: \pdf@primitive is available.
Package pdftexcmds Info: \pdf@ifprimitive is available.
Package pdftexcmds Info: \pdfdraftmode found.
\pdftexcmds@toks=\toks21
))
("/Library/Application Support/MiKTeX/texmfs/install/tex/latex/hycolor/hycolor.
sty"
Package: hycolor 2020-01-27 v1.10 Color options for hyperref/bookmark (HO)
)
("/Library/Application Support/MiKTeX/texmfs/install/tex/latex/auxhook/auxhook.
sty"
Package: auxhook 2019-12-17 v1.6 Hooks for auxiliary files (HO)
)
("/Library/Application Support/MiKTeX/texmfs/install/tex/latex/hyperref/nameref
.sty"
Package: nameref 2023-11-26 v2.56 Cross-referencing by name of section

("/Library/Application Support/MiKTeX/texmfs/install/tex/latex/refcount/refcoun
t.sty"
Package: refcount 2019/12/15 v3.6 Data extraction from label references (HO)
)
("/Library/Application Support/MiKTeX/texmfs/install/tex/generic/gettitlestring
/gettitlestring.sty"
Package: gettitlestring 2019/12/15 v1.6 Cleanup title references (HO)

("/Library/Application Support/MiKTeX/texmfs/install/tex/latex/kvoptions/kvopti
ons.sty"
Package: kvoptions 2022-06-15 v3.15 Key value format for package options (HO)
))
\c@section@level=\count198
)
("/Library/Application Support/MiKTeX/texmfs/install/tex/latex/etoolbox/etoolbo
x.sty"
Package: etoolbox 2020/10/05 v2.5k e-TeX tools for LaTeX (JAW)
\etb@tempcnta=\count199
)
\@linkdim=\dimen150
\Hy@linkcounter=\count266
\Hy@pagecounter=\count267

("/Library/Application Support/MiKTeX/texmfs/install/tex/latex/hyperref/pd1enc.
def"
File: pd1enc.def 2024-01-20 v7.01h Hyperref: PDFDocEncoding definition (HO)
)
("/Users/larryslai/Library/Application Support/MiKTeX/texmfs/install/tex/generi
c/intcalc/intcalc.sty"
Package: intcalc 2019/12/15 v1.3 Expandable calculations with integers (HO)
)
\Hy@SavedSpaceFactor=\count268

("/Library/Application Support/MiKTeX/texmfs/install/tex/latex/hyperref/puenc.d
ef"
File: puenc.def 2024-01-20 v7.01h Hyperref: PDF Unicode definition (HO)
)
Package hyperref Info: Option `unicode' set `true' on input line 4062.
Package hyperref Info: Option `bookmarks' set `true' on input line 4062.
Package hyperref Info: Option `hyperfootnotes' set `false' on input line 4062.
Package hyperref Info: Hyper figures OFF on input line 4179.
Package hyperref Info: Link nesting OFF on input line 4184.
Package hyperref Info: Hyper index ON on input line 4187.
Package hyperref Info: Plain pages OFF on input line 4194.
Package hyperref Info: Backreferencing OFF on input line 4199.
Package hyperref Info: Implicit mode ON; LaTeX internals redefined.
Package hyperref Info: Bookmarks ON on input line 4446.
\c@Hy@tempcnt=\count269
 ("/Library/Application Support/MiKTeX/texmfs/install/tex/latex/url/url.sty"
\Urlmuskip=\muskip16
Package: url 2013/09/16  ver 3.4  Verb mode for urls, etc.
)
LaTeX Info: Redefining \url on input line 4784.
\XeTeXLinkMargin=\dimen151

("/Users/larryslai/Library/Application Support/MiKTeX/texmfs/install/tex/generi
c/bitset/bitset.sty"
Package: bitset 2019/12/09 v1.3 Handle bit-vector datatype (HO)

("/Users/larryslai/Library/Application Support/MiKTeX/texmfs/install/tex/generi
c/bigintcalc/bigintcalc.sty"
Package: bigintcalc 2019/12/15 v1.5 Expandable calculations on big integers (HO
)
))
\Fld@menulength=\count270
\Field@Width=\dimen152
\Fld@charsize=\dimen153
Package hyperref Info: Hyper figures OFF on input line 6063.
Package hyperref Info: Link nesting OFF on input line 6068.
Package hyperref Info: Hyper index ON on input line 6071.
Package hyperref Info: backreferencing OFF on input line 6078.
Package hyperref Info: Link coloring OFF on input line 6083.
Package hyperref Info: Link coloring with OCG OFF on input line 6088.
Package hyperref Info: PDF/A mode OFF on input line 6093.

("/Library/Application Support/MiKTeX/texmfs/install/tex/latex/base/atbegshi-lt
x.sty"
Package: atbegshi-ltx 2021/01/10 v1.0c Emulation of the original atbegshi
package with kernel methods
)
\Hy@abspage=\count271
\c@Item=\count272
)
Package hyperref Info: Driver (autodetected): hluatex.

("/Library/Application Support/MiKTeX/texmfs/install/tex/latex/hyperref/hluatex
.def"
File: hluatex.def 2024-01-20 v7.01h Hyperref driver for luaTeX

("/Users/larryslai/Library/Application Support/MiKTeX/texmfs/install/tex/generi
c/stringenc/stringenc.sty"
Package: stringenc 2019/11/29 v1.12 Convert strings between diff. encodings (HO
)
)
("/Library/Application Support/MiKTeX/texmfs/install/tex/latex/base/atveryend-l
tx.sty"
Package: atveryend-ltx 2020/08/19 v1.0a Emulation of the original atveryend pac
kage
with kernel methods
)
\Fld@listcount=\count273
\c@bookmark@seq@number=\count274

("/Users/larryslai/Library/Application Support/MiKTeX/texmfs/install/tex/latex/
rerunfilecheck/rerunfilecheck.sty"
Package: rerunfilecheck 2022-07-10 v1.10 Rerun checks for auxiliary files (HO)

("/Users/larryslai/Library/Application Support/MiKTeX/texmfs/install/tex/generi
c/uniquecounter/uniquecounter.sty"
Package: uniquecounter 2019/12/15 v1.4 Provide unlimited unique counter (HO)
)
Package uniquecounter Info: New unique counter `rerunfilecheck' on input line 2
85.
)
\Hy@SectionHShift=\skip53
)
Package hyperref Info: Option `colorlinks' set `true' on input line 65.
Package hyperref Info: Option `colorlinks' set `true' on input line 66.
Package hyperref Info: Option `colorlinks' set `true' on input line 67.

("/Library/Application Support/MiKTeX/texmfs/install/tex/latex/graphics/graphic
x.sty"
Package: graphicx 2021/09/16 v1.2d Enhanced LaTeX Graphics (DPC,SPQR)

("/Library/Application Support/MiKTeX/texmfs/install/tex/latex/graphics/graphic
s.sty"
Package: graphics 2022/03/10 v1.4e Standard LaTeX Graphics (DPC,SPQR)

("/Library/Application Support/MiKTeX/texmfs/install/tex/latex/graphics/trig.st
y"
Package: trig 2021/08/11 v1.11 sin cos tan (DPC)
)
("/Library/Application Support/MiKTeX/texmfs/install/tex/latex/graphics-cfg/gra
phics.cfg"
File: graphics.cfg 2016/06/04 v1.11 sample graphics configuration
)
Package graphics Info: Driver file: luatex.def on input line 107.
)
\Gin@req@height=\dimen154
\Gin@req@width=\dimen155
)
("/Users/larryslai/Library/Application Support/MiKTeX/texmfs/install/tex/latex/
titlesec/titlesec.sty"
Package: titlesec 2023/10/27 v2.16 Sectioning titles
\ttl@box=\box53
\beforetitleunit=\skip54
\aftertitleunit=\skip55
\ttl@plus=\dimen156
\ttl@minus=\dimen157
\ttl@toksa=\toks22
\titlewidth=\dimen158
\titlewidthlast=\dimen159
\titlewidthfirst=\dimen160
)
("/Library/Application Support/MiKTeX/texmfs/install/tex/latex/titling/titling.
sty"
Package: titling 2009/09/04 v2.1d maketitle typesetting
\thanksmarkwidth=\skip56
\thanksmargin=\skip57
\droptitle=\skip58
)
("/Users/larryslai/Library/Application Support/MiKTeX/texmfs/install/tex/latex/
abstract/abstract.sty"
Package: abstract 2009/06/08 v1.2a configurable abstracts
\abstitleskip=\skip59
\absleftindent=\skip60
\absrightindent=\skip61
\absparindent=\skip62
\absparsep=\skip63
)
("/Users/larryslai/Library/Application Support/MiKTeX/texmfs/install/tex/latex/
fancyhdr/fancyhdr.sty"
Package: fancyhdr 2022/11/09 v4.1 Extensive control of page headers and footers

\f@nch@headwidth=\skip64
\f@nch@O@elh=\skip65
\f@nch@O@erh=\skip66
\f@nch@O@olh=\skip67
\f@nch@O@orh=\skip68
\f@nch@O@elf=\skip69
\f@nch@O@erf=\skip70
\f@nch@O@olf=\skip71
\f@nch@O@orf=\skip72
)
("/Users/larryslai/Library/Application Support/MiKTeX/texmfs/install/tex/latex/
bookmark/bookmark.sty"
Package: bookmark 2023-12-10 v1.31 PDF bookmarks (HO)

("/Users/larryslai/Library/Application Support/MiKTeX/texmfs/install/tex/latex/
bookmark/bkm-pdftex.def"
File: bkm-pdftex.def 2023-12-10 v1.31 bookmark driver for pdfTeX and luaTeX (HO
)
\BKM@id=\count275
))
("/Users/larryslai/Library/Application Support/MiKTeX/texmfs/install/tex/latex/
caption/caption.sty"
Package: caption 2023/08/05 v3.6o Customizing captions (AR)

("/Users/larryslai/Library/Application Support/MiKTeX/texmfs/install/tex/latex/
caption/caption3.sty"
Package: caption3 2023/07/31 v2.4d caption3 kernel (AR)
\caption@tempdima=\dimen161
\captionmargin=\dimen162
\caption@leftmargin=\dimen163
\caption@rightmargin=\dimen164
\caption@width=\dimen165
\caption@indent=\dimen166
\caption@parindent=\dimen167
\caption@hangindent=\dimen168
Package caption Info: Standard document class detected.
)
\c@caption@flags=\count276
\c@continuedfloat=\count277
Package caption Info: hyperref package is loaded.
)
("/Users/larryslai/Library/Application Support/MiKTeX/texmfs/install/tex/latex/
natbib/natbib.sty"
Package: natbib 2010/09/13 8.31b (PWD, AO)
\bibhang=\skip73
\bibsep=\skip74
LaTeX Info: Redefining \cite on input line 694.
\c@NAT@ctr=\count278
)
("/Users/larryslai/Library/Application Support/MiKTeX/texmfs/install/tex/latex/
doi/doi.sty"
Package: doi 2018/09/09 handle doi numbers
)
("/Users/larryslai/Library/Application Support/MiKTeX/texmfs/install/tex/latex/
preprint/authblk.sty"
Package: authblk 2001/02/27 1.3 (PWD)
\affilsep=\skip75
\@affilsep=\skip76
\c@Maxaffil=\count279
\c@authors=\count280
\c@affil=\count281
)
("/Users/larryslai/Library/Application Support/MiKTeX/texmfs/install/tex/latex/
datatool/datatool.sty"
Package: datatool 2019/09/27 v2.32 (NLCT)

("/Library/Application Support/MiKTeX/texmfs/install/tex/latex/xkeyval/xkeyval.
sty"
Package: xkeyval 2022/06/16 v2.9 package option processing (HA)

("/Library/Application Support/MiKTeX/texmfs/install/tex/generic/xkeyval/xkeyva
l.tex"
("/Library/Application Support/MiKTeX/texmfs/install/tex/generic/xkeyval/xkvuti
ls.tex"
\XKV@toks=\toks23
\XKV@tempa@toks=\toks24
)
\XKV@depth=\count282
File: xkeyval.tex 2014/12/03 v2.7a key=value parser (HA)
))
("/Library/Application Support/MiKTeX/texmfs/install/tex/latex/base/ifthen.sty"
Package: ifthen 2022/04/13 v1.1d Standard LaTeX ifthen package (DPC)
)
("/Users/larryslai/Library/Application Support/MiKTeX/texmfs/install/tex/latex/
xfor/xfor.sty"
Package: xfor 2009/02/05 v1.05 (NLCT)
)
("/Users/larryslai/Library/Application Support/MiKTeX/texmfs/install/tex/latex/
substr/substr.sty"
Package: substr 2009/10/20 v1.2 Handle substrings
\c@su@anzahl=\count283
)
("/Users/larryslai/Library/Application Support/MiKTeX/texmfs/install/tex/latex/
datatool/datatool-base.sty"
Package: datatool-base 2019/09/27 v2.32 (NLCT)

("/Library/Application Support/MiKTeX/texmfs/install/tex/latex/amsmath/amsmath.
sty"
Package: amsmath 2023/05/13 v2.17o AMS math features
\@mathmargin=\skip77

For additional information on amsmath, use the `?' option.

("/Library/Application Support/MiKTeX/texmfs/install/tex/latex/amsmath/amstext.
sty"
Package: amstext 2021/08/26 v2.01 AMS text

("/Library/Application Support/MiKTeX/texmfs/install/tex/latex/amsmath/amsgen.s
ty"
File: amsgen.sty 1999/11/30 v2.0 generic functions
\@emptytoks=\toks25
\ex@=\dimen169
))
("/Library/Application Support/MiKTeX/texmfs/install/tex/latex/amsmath/amsbsy.s
ty"
Package: amsbsy 1999/11/29 v1.2d Bold Symbols
\pmbraise@=\dimen170
)
("/Library/Application Support/MiKTeX/texmfs/install/tex/latex/amsmath/amsopn.s
ty"
Package: amsopn 2022/04/08 v2.04 operator names
)
\inf@bad=\count284
LaTeX Info: Redefining \frac on input line 236.
\uproot@=\count285
\leftroot@=\count286
LaTeX Info: Redefining \overline on input line 399.
LaTeX Info: Redefining \colon on input line 410.
\classnum@=\count287
\DOTSCASE@=\count288
LaTeX Info: Redefining \ldots on input line 496.
LaTeX Info: Redefining \dots on input line 499.
LaTeX Info: Redefining \cdots on input line 620.
\Mathstrutbox@=\box54
\strutbox@=\box55
LaTeX Info: Redefining \big on input line 722.
LaTeX Info: Redefining \Big on input line 723.
LaTeX Info: Redefining \bigg on input line 724.
LaTeX Info: Redefining \Bigg on input line 725.
\big@size=\dimen171
LaTeX Font Info:    Redeclaring font encoding OML on input line 743.
LaTeX Font Info:    Redeclaring font encoding OMS on input line 744.
\macc@depth=\count289
LaTeX Info: Redefining \bmod on input line 905.
LaTeX Info: Redefining \pmod on input line 910.
LaTeX Info: Redefining \smash on input line 940.
LaTeX Info: Redefining \relbar on input line 970.
LaTeX Info: Redefining \Relbar on input line 971.
\c@MaxMatrixCols=\count290
\dotsspace@=\muskip17
\c@parentequation=\count291
\dspbrk@lvl=\count292
\tag@help=\toks26
\row@=\count293
\column@=\count294
\maxfields@=\count295
\andhelp@=\toks27
\eqnshift@=\dimen172
\alignsep@=\dimen173
\tagshift@=\dimen174
\tagwidth@=\dimen175
\totwidth@=\dimen176
\lineht@=\dimen177
\@envbody=\toks28
\multlinegap=\skip78
\multlinetaggap=\skip79
\mathdisplay@stack=\toks29
LaTeX Info: Redefining \[ on input line 2953.
LaTeX Info: Redefining \] on input line 2954.
)
("/Users/larryslai/Library/Application Support/MiKTeX/texmfs/install/tex/latex/
datatool/datatool-fp.sty"
Package: datatool-fp 2019/09/27 v2.32 (NLCT)

("/Users/larryslai/Library/Application Support/MiKTeX/texmfs/install/tex/latex/
fp/fp.sty"
Package: fp 1995/04/02

`Fixed Point Package', Version 0.8, April 2, 1995 (C) Michael Mehlich
("/Users/larryslai/Library/Application Support/MiKTeX/texmfs/install/tex/latex/
fp/defpattern.sty"
Package: defpattern 1994/10/12
\actioncount=\count296
)
("/Users/larryslai/Library/Application Support/MiKTeX/texmfs/install/tex/latex/
fp/fp-basic.sty"
Package: fp-basic 1996/05/13
\FP@xs=\count297
\FP@xia=\count298
\FP@xib=\count299
\FP@xfa=\count300
\FP@xfb=\count301
\FP@rega=\count302
\FP@regb=\count303
\FP@regs=\count304
\FP@times=\count305
)
("/Users/larryslai/Library/Application Support/MiKTeX/texmfs/install/tex/latex/
fp/fp-addons.sty"
Package: fp-addons 1995/03/15
)
("/Users/larryslai/Library/Application Support/MiKTeX/texmfs/install/tex/latex/
fp/fp-snap.sty"
Package: fp-snap 1995/04/05
)
("/Users/larryslai/Library/Application Support/MiKTeX/texmfs/install/tex/latex/
fp/fp-exp.sty"
Package: fp-exp 1995/04/03
)
("/Users/larryslai/Library/Application Support/MiKTeX/texmfs/install/tex/latex/
fp/fp-trigo.sty"
Package: fp-trigo 1995/04/14
)
("/Users/larryslai/Library/Application Support/MiKTeX/texmfs/install/tex/latex/
fp/fp-pas.sty"
Package: fp-pas 1994/08/29
)
("/Users/larryslai/Library/Application Support/MiKTeX/texmfs/install/tex/latex/
fp/fp-random.sty"
Package: fp-random 1995/02/23
\FPseed=\count306
)
("/Users/larryslai/Library/Application Support/MiKTeX/texmfs/install/tex/latex/
fp/fp-eqn.sty"
Package: fp-eqn 1995/04/03
)
("/Users/larryslai/Library/Application Support/MiKTeX/texmfs/install/tex/latex/
fp/fp-upn.sty"
Package: fp-upn 1996/10/21
)
("/Users/larryslai/Library/Application Support/MiKTeX/texmfs/install/tex/latex/
fp/fp-eval.sty"
Package: fp-eval 1995/04/03
)))
\@dtl@toks=\toks30
\@dtl@tmpcount=\count307
\dtl@tmplength=\skip80
\dtl@sortresult=\count308
\@dtl@numgrpsepcount=\count309
\@dtl@datatype=\count310
\dtl@codeA=\count311
\dtl@codeB=\count312
\@dtl@foreach@level=\count313
)
\dtlcolumnnum=\count314
\dtlrownum=\count315
\@dtl@before=\toks31
\@dtl@after=\toks32
\@dtl@colhead=\toks33
\dtlcurrentrow=\toks34
\dtlbeforerow=\toks35
\dtlafterrow=\toks36
\dtlforeachlevel=\count316
\c@DTLrowi=\count317
\c@DTLrowii=\count318
\c@DTLrowiii=\count319
\c@DTLrow=\count320
\dtl@rowi=\count321
\dtl@rowii=\count322
\dtl@rowiii=\count323
\@dtl@curi=\toks37
\@dtl@previ=\toks38
\@dtl@nexti=\toks39
\@dtl@curii=\toks40
\@dtl@previi=\toks41
\@dtl@nextii=\toks42
\@dtl@curiii=\toks43
\@dtl@previii=\toks44
\@dtl@nextiii=\toks45
\@dtl@elements=\count324
\@dtl@list=\toks46
\@dtl@rowa=\toks47
\@dtl@rowb=\toks48
\@dtl@toksA=\toks49
\@dtl@toksB=\toks50
\@dtl@write=\write3
\@dtl@read=\read2
\dtl@entrycr=\count325
\dtl@omitlines=\count326
)
("/Users/larryslai/Library/Application Support/MiKTeX/texmfs/install/tex/latex/
comment/comment.sty"
\CommentStream=\write4
 Excluding comment 'comment')
("/Users/larryslai/Library/Application Support/MiKTeX/texmfs/install/tex/latex/
physics/physics.sty"
Package: physics 

("/Library/Application Support/MiKTeX/texmfs/install/tex/latex/l3packages/xpars
e/xparse.sty"
("/Library/Application Support/MiKTeX/texmfs/install/tex/latex/l3kernel/expl3.s
ty"
Package: expl3 2024-03-14 L3 programming layer (loader) 

("/Library/Application Support/MiKTeX/texmfs/install/tex/latex/l3backend/l3back
end-luatex.def"
File: l3backend-luatex.def 2024-03-14 L3 backend support: PDF output (LuaTeX)
\l__color_backend_stack_int=\count327
Inserting `l3color' in `luaotfload.parse_color'.
\l__pdf_internal_box=\box56
))
Package: xparse 2024-03-14 L3 Experimental document command parser
))
("/Library/Application Support/MiKTeX/texmfs/install/tex/latex/listings/listing
s.sty"
\lst@mode=\count328
\lst@gtempboxa=\box57
\lst@token=\toks51
\lst@length=\count329
\lst@currlwidth=\dimen178
\lst@column=\count330
\lst@pos=\count331
\lst@lostspace=\dimen179
\lst@width=\dimen180
\lst@newlines=\count332
\lst@lineno=\count333
\lst@maxwidth=\dimen181

("/Library/Application Support/MiKTeX/texmfs/install/tex/latex/listings/lstpatc
h.sty"
File: lstpatch.sty 2024/03/11 1.10a (Carsten Heinz)
)
("/Library/Application Support/MiKTeX/texmfs/install/tex/latex/listings/lstmisc
.sty"
File: lstmisc.sty 2024/03/11 1.10a (Carsten Heinz)
\c@lstnumber=\count334
\lst@skipnumbers=\count335
\lst@framebox=\box58
)
("/Library/Application Support/MiKTeX/texmfs/install/tex/latex/listings/listing
s.cfg"
File: listings.cfg 2024/03/11 1.10a listings configuration
))
Package: listings 2024/03/11 1.10a (Carsten Heinz)

("/Users/larryslai/Library/Application Support/MiKTeX/texmfs/install/tex/latex/
changepage/changepage.sty"
Package: changepage 2009/10/20 v1.0c check page and change page layout
\c@cp@cntr=\count336
\cp@tempcnt=\count337
)
("/Users/larryslai/Library/Application Support/MiKTeX/texmfs/install/tex/latex/
setspace/setspace.sty"
Package: setspace 2022/12/04 v6.7b set line spacing
)
("/Users/larryslai/Library/Application Support/MiKTeX/texmfs/install/tex/latex/
breqn/breqn.sty"
Package: breqn 2021/10/28 v0.98l Breaking equations

("/Users/larryslai/Library/Application Support/MiKTeX/texmfs/install/tex/latex/
breqn/flexisym.sty"
Package: flexisym 2021/10/28 v0.98l Make math characters macros
LaTeX Info: Redefining \textprime on input line 299.
LaTeX Info: Redefining \not on input line 357.

("/Users/larryslai/Library/Application Support/MiKTeX/texmfs/install/tex/latex/
breqn/cmbase.sym"
File: cmbase.sym 2007/12/19 v0.92
LaTeX Info: Redefining \hbar on input line 324.
LaTeX Info: Redefining \surd on input line 326.
LaTeX Info: Redefining \angle on input line 334.
LaTeX Info: Redefining \neq on input line 335.
LaTeX Info: Redefining \mapsto on input line 336.
LaTeX Info: Redefining \cong on input line 337.
LaTeX Info: Redefining \notin on input line 340.
LaTeX Info: Redefining \rightleftharpoons on input line 341.
LaTeX Info: Redefining \doteq on input line 342.
LaTeX Info: Redefining \hookrightarrow on input line 343.
LaTeX Info: Redefining \hookleftarrow on input line 344.
LaTeX Info: Redefining \bowtie on input line 345.
LaTeX Info: Redefining \models on input line 346.
LaTeX Info: Redefining \Longrightarrow on input line 347.
LaTeX Info: Redefining \longrightarrow on input line 348.
LaTeX Info: Redefining \Longleftarrow on input line 349.
LaTeX Info: Redefining \longleftarrow on input line 350.
LaTeX Info: Redefining \longmapsto on input line 351.
LaTeX Info: Redefining \longleftrightarrow on input line 352.
LaTeX Info: Redefining \Longleftrightarrow on input line 353.
LaTeX Info: Redefining \cdots on input line 357.
LaTeX Info: Redefining \vdots on input line 360.
LaTeX Info: Redefining \ddots on input line 365.
)
("/Users/larryslai/Library/Application Support/MiKTeX/texmfs/install/tex/latex/
breqn/mathstyle.sty"
Package: mathstyle 2021/10/28 v0.98l Tracking mathstyle implicitly
LaTeX Info: Redefining \genfrac on input line 149.
LaTeX Info: Redefining \genfrac on input line 173.
))
("/Library/Application Support/MiKTeX/texmfs/install/tex/latex/tools/calc.sty"
Package: calc 2023/07/08 v4.3 Infix arithmetic (KKT,FJ)
\calc@Acount=\count338
\calc@Bcount=\count339
\calc@Adimen=\dimen182
\calc@Bdimen=\dimen183
\calc@Askip=\skip81
\calc@Bskip=\skip82
LaTeX Info: Redefining \setlength on input line 80.
LaTeX Info: Redefining \addtolength on input line 81.
\calc@Ccount=\count340
\calc@Cskip=\skip83
)
\inf@bad=\count341
\maxint=\count342
\listwidth=\dimen184
\eqnumsep=\dimen185
\eqmargin=\dimen186
\eqlinespacing=\skip84
\eqlineskip=\skip85
\eqlineskiplimit=\dimen187
\eqbinoffset=\muskip18
\eqdelimoffset=\muskip19
\eqindentstep=\dimen188
\eqstyle=\toks52
\eqbreakdepth=\count343
\eqinterlinepenalty=\count344
\intereqpenalty=\count345
\intereqskip=\skip86
\prerelpenalty=\count346
\prebinoppenalty=\count347
\Dmedmuskip=\muskip20
\Dthickmuskip=\muskip21
\eqleftskip=\skip87
\eqrightskip=\skip88
\eq@vspan=\skip89
\eq@binoffset=\muskip22
\EQ@box=\box59
\EQ@copy=\box60
\EQ@numbox=\box61
\eq@wdNum=\dimen189
\GRP@numbox=\box62
\grp@wdNum=\dimen190
\eq@lines=\count348
\eq@curline=\count349
\eq@badness=\count350
\EQ@vims=\count351
\eq@dp=\dimen191
\eq@wdL=\dimen192
\eq@wdT=\dimen193
\eq@wdMin=\dimen194
\grp@wdL=\dimen195
\grp@wdR=\dimen196
\grp@wdT=\dimen197
\eq@wdRmax=\dimen198
\eq@firstht=\dimen199
\eq@wdCond=\dimen256
\eq@indentstep=\dimen257
\eq@linewidth=\dimen258
\grp@linewidth=\dimen259
\eq@hshift=\dimen260
\eq@given@sidespace=\dimen261
\mathindent=\dimen262
\eq@final@linecount=\count352
\eq@wdR=\dimen263
\EQ@continue=\toks53
\lr@level=\count353
\GRP@queue=\toks54
\GRP@box=\box63
\GRP@wholebox=\box64
\darraycolsep=\skip90
\cur@row=\count354
\cur@col=\count355
\conditionsep=\skip91
)
("/Users/larryslai/Library/Application Support/MiKTeX/texmfs/install/tex/latex/
lineno/lineno.sty"
Package: lineno 2023/05/20 line numbers on paragraphs v5.3
\linenopenalty=\count356
\output=\toks55
\linenoprevgraf=\count357
\linenumbersep=\dimen264
\linenumberwidth=\dimen265
\c@linenumber=\count358
\c@pagewiselinenumber=\count359
\c@LN@truepage=\count360
\c@internallinenumber=\count361
\c@internallinenumbers=\count362
\quotelinenumbersep=\dimen266
\bframerule=\dimen267
\bframesep=\dimen268
\bframebox=\box65
\linenoamsmath@ams@eqpen=\count363
LaTeX Info: Redefining \\ on input line 3180.
)
("/Users/larryslai/Library/Application Support/MiKTeX/texmfs/install/tex/latex/
sourcesanspro/sourcesanspro.sty"
Package: sourcesanspro 2018/05/19 v2.7 Adobe's Source Sans Pro typeface

("/Library/Application Support/MiKTeX/texmfs/install/tex/generic/iftex/ifxetex.
sty"
Package: ifxetex 2019/10/25 v0.7 ifxetex legacy package. Use iftex instead.
)
("/Library/Application Support/MiKTeX/texmfs/install/tex/generic/iftex/ifluatex
.sty"
Package: ifluatex 2019/10/25 v1.5 ifluatex legacy package. Use iftex instead.
)
("/Library/Application Support/MiKTeX/texmfs/install/tex/latex/fontspec/fontspe
c.sty"
Package: fontspec 2024/02/13 v2.9a Font selection for XeLaTeX and LuaLaTeX
Lua module: fontspec 2024/02/13 2.9a Font selection for XeLaTeX and LuaLaTeX
("/Library/Application Support/MiKTeX/texmfs/install/tex/latex/fontspec/fontspe
c-luatex.sty"
Package: fontspec-luatex 2024/02/13 v2.9a Font selection for XeLaTeX and LuaLaT
eX
\l__fontspec_script_int=\count364
\l__fontspec_language_int=\count365
\l__fontspec_strnum_int=\count366
\l__fontspec_tmp_int=\count367
\l__fontspec_tmpa_int=\count368
\l__fontspec_tmpb_int=\count369
\l__fontspec_tmpc_int=\count370
\l__fontspec_em_int=\count371
\l__fontspec_emdef_int=\count372
\l__fontspec_strong_int=\count373
\l__fontspec_strongdef_int=\count374
\l__fontspec_tmpa_dim=\dimen269
\l__fontspec_tmpb_dim=\dimen270
\l__fontspec_tmpc_dim=\dimen271

("/Library/Application Support/MiKTeX/texmfs/install/tex/latex/base/fontenc.sty
"
Package: fontenc 2021/04/29 v2.0v Standard LaTeX package
)
("/Library/Application Support/MiKTeX/texmfs/install/tex/latex/fontspec/fontspe
c.cfg")))

Package fontspec Info: SourceSansPro-Regular scale = 1.


Package fontspec Info: SourceSansPro-Regular scale = 1.


Package fontspec Info: SourceSansPro-Regular scale = 1.


Package fontspec Info: SourceSansPro-Bold scale = 1.


Package fontspec Info: SourceSansPro-Bold scale = 1.


Package fontspec Info: SourceSansPro-RegularIt scale = 1.

luaotfload | aux : font no 21 (nil) does not define feature smcp for script latn
 with language dflt

Package fontspec Info: SourceSansPro-BoldIt scale = 1.

luaotfload | aux : font no 22 (nil) does not define feature smcp for script latn
 with language dflt

Package fontspec Info: Font family 'SourceSansPro(0)' created for font
(fontspec)             'SourceSansPro' with options [Ligatures = TeX,Numbers =
(fontspec)             {, },Scale = 1,Extension =
(fontspec)             .otf,Ligatures=TeX,UprightFont = *-Regular,ItalicFont =
(fontspec)             *-RegularIt,BoldFont = *-Bold,BoldItalicFont =
(fontspec)             *-BoldIt].
(fontspec)              
(fontspec)              This font family consists of the following NFSS
(fontspec)             series/shapes:
(fontspec)              
(fontspec)             - 'normal' (m/n) with NFSS spec.:
(fontspec)             <->s*[1]"[SourceSansPro-Regular.otf]:mode=node;script=la
tn;language=dflt;+tlig;"
(fontspec)             - 'small caps'  (m/sc) with NFSS spec.:
(fontspec)             <->s*[1]"[SourceSansPro-Regular.otf]:mode=node;script=la
tn;language=dflt;+tlig;+smcp;"
(fontspec)             - 'bold' (b/n) with NFSS spec.:
(fontspec)             <->s*[1]"[SourceSansPro-Bold.otf]:mode=node;script=latn;
language=dflt;+tlig;"
(fontspec)             - 'bold small caps'  (b/sc) with NFSS spec.:
(fontspec)             <->s*[1]"[SourceSansPro-Bold.otf]:mode=node;script=latn;
language=dflt;+tlig;+smcp;"
(fontspec)             - 'italic' (m/it) with NFSS spec.:
(fontspec)             <->s*[1]"[SourceSansPro-RegularIt.otf]:mode=node;script=
latn;language=dflt;+tlig;"
(fontspec)             - 'italic small caps'  (m/scit) with NFSS spec.: 
(fontspec)             - 'bold italic' (b/it) with NFSS spec.:
(fontspec)             <->s*[1]"[SourceSansPro-BoldIt.otf]:mode=node;script=lat
n;language=dflt;+tlig;"
(fontspec)             - 'bold italic small caps'  (b/scit) with NFSS spec.: 


Package fontspec Info: SourceSansPro-Regular scale = 1.


Package fontspec Info: SourceSansPro-Regular scale = 1.


Package fontspec Info: SourceSansPro-Regular scale = 1.


Package fontspec Info: SourceSansPro-Bold scale = 1.


Package fontspec Info: SourceSansPro-Bold scale = 1.


Package fontspec Info: SourceSansPro-RegularIt scale = 1.

luaotfload | aux : font no 21 (nil) does not define feature smcp for script latn
 with language dflt

Package fontspec Info: SourceSansPro-BoldIt scale = 1.

luaotfload | aux : font no 22 (nil) does not define feature smcp for script latn
 with language dflt

Package fontspec Info: Font family 'SourceSansPro(1)' created for font
(fontspec)             'SourceSansPro' with options [Ligatures = TeX,Numbers =
(fontspec)             {, },Scale = 1,Extension = .otf,UprightFont =
(fontspec)             *-Regular,ItalicFont = *-RegularIt,BoldFont =
(fontspec)             *-Bold,BoldItalicFont = *-BoldIt].
(fontspec)              
(fontspec)              This font family consists of the following NFSS
(fontspec)             series/shapes:
(fontspec)              
(fontspec)             - 'normal' (m/n) with NFSS spec.:
(fontspec)             <->s*[1]"[SourceSansPro-Regular.otf]:mode=node;script=la
tn;language=dflt;+tlig;"
(fontspec)             - 'small caps'  (m/sc) with NFSS spec.:
(fontspec)             <->s*[1]"[SourceSansPro-Regular.otf]:mode=node;script=la
tn;language=dflt;+tlig;+smcp;"
(fontspec)             - 'bold' (b/n) with NFSS spec.:
(fontspec)             <->s*[1]"[SourceSansPro-Bold.otf]:mode=node;script=latn;
language=dflt;+tlig;"
(fontspec)             - 'bold small caps'  (b/sc) with NFSS spec.:
(fontspec)             <->s*[1]"[SourceSansPro-Bold.otf]:mode=node;script=latn;
language=dflt;+tlig;+smcp;"
(fontspec)             - 'italic' (m/it) with NFSS spec.:
(fontspec)             <->s*[1]"[SourceSansPro-RegularIt.otf]:mode=node;script=
latn;language=dflt;+tlig;"
(fontspec)             - 'italic small caps'  (m/scit) with NFSS spec.: 
(fontspec)             - 'bold italic' (b/it) with NFSS spec.:
(fontspec)             <->s*[1]"[SourceSansPro-BoldIt.otf]:mode=node;script=lat
n;language=dflt;+tlig;"
(fontspec)             - 'bold italic small caps'  (b/scit) with NFSS spec.: 


Package fontspec Info: SourceSansPro-Light scale = 1.


Package fontspec Info: SourceSansPro-Light scale = 1.


Package fontspec Info: SourceSansPro-Light scale = 1.


Package fontspec Info: SourceSansPro-Semibold scale = 1.


Package fontspec Info: SourceSansPro-Semibold scale = 1.


Package fontspec Info: SourceSansPro-LightIt scale = 1.

luaotfload | aux : font no 27 (nil) does not define feature smcp for script latn
 with language dflt

Package fontspec Info: SourceSansPro-SemiboldIt scale = 1.

luaotfload | aux : font no 28 (nil) does not define feature smcp for script latn
 with language dflt

Package fontspec Info: Font family 'SourceSansPro(2)' created for font
(fontspec)             'SourceSansPro' with options [Ligatures = TeX,Numbers =
(fontspec)             {, },Scale = 1,Extension = .otf,UprightFont =
(fontspec)             *-Light,ItalicFont = *-LightIt,BoldFont =
(fontspec)             *-Semibold,BoldItalicFont = *-SemiboldIt].
(fontspec)              
(fontspec)              This font family consists of the following NFSS
(fontspec)             series/shapes:
(fontspec)              
(fontspec)             - 'normal' (m/n) with NFSS spec.:
(fontspec)             <->s*[1]"[SourceSansPro-Light.otf]:mode=node;script=latn
;language=dflt;+tlig;"
(fontspec)             - 'small caps'  (m/sc) with NFSS spec.:
(fontspec)             <->s*[1]"[SourceSansPro-Light.otf]:mode=node;script=latn
;language=dflt;+tlig;+smcp;"
(fontspec)             - 'bold' (b/n) with NFSS spec.:
(fontspec)             <->s*[1]"[SourceSansPro-Semibold.otf]:mode=node;script=l
atn;language=dflt;+tlig;"
(fontspec)             - 'bold small caps'  (b/sc) with NFSS spec.:
(fontspec)             <->s*[1]"[SourceSansPro-Semibold.otf]:mode=node;script=l
atn;language=dflt;+tlig;+smcp;"
(fontspec)             - 'italic' (m/it) with NFSS spec.:
(fontspec)             <->s*[1]"[SourceSansPro-LightIt.otf]:mode=node;script=la
tn;language=dflt;+tlig;"
(fontspec)             - 'italic small caps'  (m/scit) with NFSS spec.: 
(fontspec)             - 'bold italic' (b/it) with NFSS spec.:
(fontspec)             <->s*[1]"[SourceSansPro-SemiboldIt.otf]:mode=node;script
=latn;language=dflt;+tlig;"
(fontspec)             - 'bold italic small caps'  (b/scit) with NFSS spec.: 


Package fontspec Info: SourceSansPro-ExtraLight scale = 1.


Package fontspec Info: SourceSansPro-ExtraLight scale = 1.


Package fontspec Info: SourceSansPro-ExtraLight scale = 1.


Package fontspec Info: SourceSansPro-Black scale = 1.


Package fontspec Info: SourceSansPro-Black scale = 1.


Package fontspec Info: SourceSansPro-ExtraLightIt scale = 1.

luaotfload | aux : font no 33 (nil) does not define feature smcp for script latn
 with language dflt

Package fontspec Info: SourceSansPro-BlackIt scale = 1.

luaotfload | aux : font no 34 (nil) does not define feature smcp for script latn
 with language dflt

Package fontspec Info: Font family 'SourceSansPro(3)' created for font
(fontspec)             'SourceSansPro' with options [Ligatures = TeX,Numbers =
(fontspec)             {, },Scale = 1,Extension = .otf,UprightFont =
(fontspec)             *-ExtraLight,ItalicFont = *-ExtraLightIt,BoldFont =
(fontspec)             *-Black,BoldItalicFont = *-BlackIt].
(fontspec)              
(fontspec)              This font family consists of the following NFSS
(fontspec)             series/shapes:
(fontspec)              
(fontspec)             - 'normal' (m/n) with NFSS spec.:
(fontspec)             <->s*[1]"[SourceSansPro-ExtraLight.otf]:mode=node;script
=latn;language=dflt;+tlig;"
(fontspec)             - 'small caps'  (m/sc) with NFSS spec.:
(fontspec)             <->s*[1]"[SourceSansPro-ExtraLight.otf]:mode=node;script
=latn;language=dflt;+tlig;+smcp;"
(fontspec)             - 'bold' (b/n) with NFSS spec.:
(fontspec)             <->s*[1]"[SourceSansPro-Black.otf]:mode=node;script=latn
;language=dflt;+tlig;"
(fontspec)             - 'bold small caps'  (b/sc) with NFSS spec.:
(fontspec)             <->s*[1]"[SourceSansPro-Black.otf]:mode=node;script=latn
;language=dflt;+tlig;+smcp;"
(fontspec)             - 'italic' (m/it) with NFSS spec.:
(fontspec)             <->s*[1]"[SourceSansPro-ExtraLightIt.otf]:mode=node;scri
pt=latn;language=dflt;+tlig;"
(fontspec)             - 'italic small caps'  (m/scit) with NFSS spec.: 
(fontspec)             - 'bold italic' (b/it) with NFSS spec.:
(fontspec)             <->s*[1]"[SourceSansPro-BlackIt.otf]:mode=node;script=la
tn;language=dflt;+tlig;"
(fontspec)             - 'bold italic small caps'  (b/scit) with NFSS spec.: 


Package fontspec Info: SourceSansPro-Regular scale = 1.


Package fontspec Info: SourceSansPro-Regular scale = 1.


Package fontspec Info: SourceSansPro-Regular scale = 1.


Package fontspec Info: SourceSansPro-Bold scale = 1.


Package fontspec Info: SourceSansPro-Bold scale = 1.


Package fontspec Info: SourceSansPro-RegularIt scale = 1.

luaotfload | aux : font no 21 (nil) does not define feature smcp for script latn
 with language dflt

Package fontspec Info: SourceSansPro-BoldIt scale = 1.

luaotfload | aux : font no 22 (nil) does not define feature smcp for script latn
 with language dflt

Package fontspec Info: Font family 'SourceSansPro(4)' created for font
(fontspec)             'SourceSansPro' with options [Ligatures = TeX,Numbers =
(fontspec)             {, },Scale = 1,Extension = .otf,Numbers =,UprightFont =
(fontspec)             *-Regular,ItalicFont = *-RegularIt,BoldFont =
(fontspec)             *-Bold,BoldItalicFont = *-BoldIt].
(fontspec)              
(fontspec)              This font family consists of the following NFSS
(fontspec)             series/shapes:
(fontspec)              
(fontspec)             - 'normal' (m/n) with NFSS spec.:
(fontspec)             <->s*[1]"[SourceSansPro-Regular.otf]:mode=node;script=la
tn;language=dflt;+tlig;"
(fontspec)             - 'small caps'  (m/sc) with NFSS spec.:
(fontspec)             <->s*[1]"[SourceSansPro-Regular.otf]:mode=node;script=la
tn;language=dflt;+tlig;+smcp;"
(fontspec)             - 'bold' (b/n) with NFSS spec.:
(fontspec)             <->s*[1]"[SourceSansPro-Bold.otf]:mode=node;script=latn;
language=dflt;+tlig;"
(fontspec)             - 'bold small caps'  (b/sc) with NFSS spec.:
(fontspec)             <->s*[1]"[SourceSansPro-Bold.otf]:mode=node;script=latn;
language=dflt;+tlig;+smcp;"
(fontspec)             - 'italic' (m/it) with NFSS spec.:
(fontspec)             <->s*[1]"[SourceSansPro-RegularIt.otf]:mode=node;script=
latn;language=dflt;+tlig;"
(fontspec)             - 'italic small caps'  (m/scit) with NFSS spec.: 
(fontspec)             - 'bold italic' (b/it) with NFSS spec.:
(fontspec)             <->s*[1]"[SourceSansPro-BoldIt.otf]:mode=node;script=lat
n;language=dflt;+tlig;"
(fontspec)             - 'bold italic small caps'  (b/scit) with NFSS spec.: 

)
("/Users/larryslai/Library/Application Support/MiKTeX/texmfs/install/tex/latex/
sourcecodepro/sourcecodepro.sty"
Package: sourcecodepro 2018/01/13 v2.7 Adobe's Source Code Pro typeface

Package fontspec Info: SourceCodePro-Regular scale = 1.


Package fontspec Info: SourceCodePro-Regular scale = 1.

luaotfload | aux : font no 37 (nil) does not define feature smcp for script latn
 with language dflt

Package fontspec Info: SourceCodePro-Bold scale = 1.

luaotfload | aux : font no 38 (nil) does not define feature smcp for script latn
 with language dflt

Package fontspec Info: SourceCodePro-RegularIt scale = 1.

luaotfload | aux : font no 39 (nil) does not define feature smcp for script latn
 with language dflt

Package fontspec Info: SourceCodePro-BoldIt scale = 1.

luaotfload | aux : font no 40 (nil) does not define feature smcp for script latn
 with language dflt

Package fontspec Info: Font family 'SourceCodePro(0)' created for font
(fontspec)             'SourceCodePro' with options [Ligatures =,Numbers
(fontspec)             =,Scale = 1,Extension =
(fontspec)             .otf,WordSpace={1,0,0},HyphenChar=None,PunctuationSpace=
WordSpace,UprightFont
(fontspec)             = *-Regular,ItalicFont = *-RegularIt,BoldFont =
(fontspec)             *-Bold,BoldItalicFont = *-BoldIt].
(fontspec)              
(fontspec)              This font family consists of the following NFSS
(fontspec)             series/shapes:
(fontspec)              
(fontspec)             - 'normal' (m/n) with NFSS spec.:
(fontspec)             <->s*[1]"[SourceCodePro-Regular.otf]:mode=node;script=la
tn;language=dflt;"
(fontspec)             - 'small caps'  (m/sc) with NFSS spec.: 
(fontspec)             and font adjustment code:
(fontspec)             \fontdimen 2\font =1\fontdimen 2\font \fontdimen 3\font
(fontspec)             =0\fontdimen 3\font \fontdimen 4\font =0\fontdimen
(fontspec)             4\font \fontdimen 7\font =0\fontdimen 2\font
(fontspec)             \tex_hyphenchar:D \font =-1\scan_stop: 
(fontspec)             - 'bold' (b/n) with NFSS spec.:
(fontspec)             <->s*[1]"[SourceCodePro-Bold.otf]:mode=node;script=latn;
language=dflt;"
(fontspec)             - 'bold small caps'  (b/sc) with NFSS spec.: 
(fontspec)             and font adjustment code:
(fontspec)             \fontdimen 2\font =1\fontdimen 2\font \fontdimen 3\font
(fontspec)             =0\fontdimen 3\font \fontdimen 4\font =0\fontdimen
(fontspec)             4\font \fontdimen 7\font =0\fontdimen 2\font
(fontspec)             \tex_hyphenchar:D \font =-1\scan_stop: 
(fontspec)             - 'italic' (m/it) with NFSS spec.:
(fontspec)             <->s*[1]"[SourceCodePro-RegularIt.otf]:mode=node;script=
latn;language=dflt;"
(fontspec)             - 'italic small caps'  (m/scit) with NFSS spec.: 
(fontspec)             and font adjustment code:
(fontspec)             \fontdimen 2\font =1\fontdimen 2\font \fontdimen 3\font
(fontspec)             =0\fontdimen 3\font \fontdimen 4\font =0\fontdimen
(fontspec)             4\font \fontdimen 7\font =0\fontdimen 2\font
(fontspec)             \tex_hyphenchar:D \font =-1\scan_stop: 
(fontspec)             - 'bold italic' (b/it) with NFSS spec.:
(fontspec)             <->s*[1]"[SourceCodePro-BoldIt.otf]:mode=node;script=lat
n;language=dflt;"
(fontspec)             - 'bold italic small caps'  (b/scit) with NFSS spec.: 
(fontspec)             and font adjustment code:
(fontspec)             \fontdimen 2\font =1\fontdimen 2\font \fontdimen 3\font
(fontspec)             =0\fontdimen 3\font \fontdimen 4\font =0\fontdimen
(fontspec)             4\font \fontdimen 7\font =0\fontdimen 2\font
(fontspec)             \tex_hyphenchar:D \font =-1\scan_stop: 


Package fontspec Info: SourceCodePro-Regular scale = 1.


Package fontspec Info: SourceCodePro-Regular scale = 1.

luaotfload | aux : font no 37 (nil) does not define feature smcp for script latn
 with language dflt

Package fontspec Info: SourceCodePro-Bold scale = 1.

luaotfload | aux : font no 38 (nil) does not define feature smcp for script latn
 with language dflt

Package fontspec Info: SourceCodePro-RegularIt scale = 1.

luaotfload | aux : font no 39 (nil) does not define feature smcp for script latn
 with language dflt

Package fontspec Info: SourceCodePro-BoldIt scale = 1.

luaotfload | aux : font no 40 (nil) does not define feature smcp for script latn
 with language dflt

Package fontspec Info: Font family 'SourceCodePro(1)' created for font
(fontspec)             'SourceCodePro' with options [Ligatures =,Numbers
(fontspec)             =,Scale = 1,Extension = .otf,UprightFont =
(fontspec)             *-Regular,ItalicFont = *-RegularIt,BoldFont =
(fontspec)             *-Bold,BoldItalicFont = *-BoldIt].
(fontspec)              
(fontspec)              This font family consists of the following NFSS
(fontspec)             series/shapes:
(fontspec)              
(fontspec)             - 'normal' (m/n) with NFSS spec.:
(fontspec)             <->s*[1]"[SourceCodePro-Regular.otf]:mode=node;script=la
tn;language=dflt;"
(fontspec)             - 'small caps'  (m/sc) with NFSS spec.: 
(fontspec)             - 'bold' (b/n) with NFSS spec.:
(fontspec)             <->s*[1]"[SourceCodePro-Bold.otf]:mode=node;script=latn;
language=dflt;"
(fontspec)             - 'bold small caps'  (b/sc) with NFSS spec.: 
(fontspec)             - 'italic' (m/it) with NFSS spec.:
(fontspec)             <->s*[1]"[SourceCodePro-RegularIt.otf]:mode=node;script=
latn;language=dflt;"
(fontspec)             - 'italic small caps'  (m/scit) with NFSS spec.: 
(fontspec)             - 'bold italic' (b/it) with NFSS spec.:
(fontspec)             <->s*[1]"[SourceCodePro-BoldIt.otf]:mode=node;script=lat
n;language=dflt;"
(fontspec)             - 'bold italic small caps'  (b/scit) with NFSS spec.: 


Package fontspec Info: SourceCodePro-Medium scale = 1.


Package fontspec Info: SourceCodePro-Medium scale = 1.

luaotfload | aux : font no 43 (nil) does not define feature smcp for script latn
 with language dflt

Package fontspec Info: SourceCodePro-Bold scale = 1.

luaotfload | aux : font no 38 (nil) does not define feature smcp for script latn
 with language dflt

Package fontspec Info: SourceCodePro-MediumIt scale = 1.

luaotfload | aux : font no 44 (nil) does not define feature smcp for script latn
 with language dflt

Package fontspec Info: SourceCodePro-BoldIt scale = 1.

luaotfload | aux : font no 40 (nil) does not define feature smcp for script latn
 with language dflt

Package fontspec Info: Font family 'SourceCodePro(2)' created for font
(fontspec)             'SourceCodePro' with options [Ligatures =,Numbers
(fontspec)             =,Scale = 1,Extension = .otf,UprightFont =
(fontspec)             *-Medium,ItalicFont = *-MediumIt,BoldFont =
(fontspec)             *-Bold,BoldItalicFont = *-BoldIt].
(fontspec)              
(fontspec)              This font family consists of the following NFSS
(fontspec)             series/shapes:
(fontspec)              
(fontspec)             - 'normal' (m/n) with NFSS spec.:
(fontspec)             <->s*[1]"[SourceCodePro-Medium.otf]:mode=node;script=lat
n;language=dflt;"
(fontspec)             - 'small caps'  (m/sc) with NFSS spec.: 
(fontspec)             - 'bold' (b/n) with NFSS spec.:
(fontspec)             <->s*[1]"[SourceCodePro-Bold.otf]:mode=node;script=latn;
language=dflt;"
(fontspec)             - 'bold small caps'  (b/sc) with NFSS spec.: 
(fontspec)             - 'italic' (m/it) with NFSS spec.:
(fontspec)             <->s*[1]"[SourceCodePro-MediumIt.otf]:mode=node;script=l
atn;language=dflt;"
(fontspec)             - 'italic small caps'  (m/scit) with NFSS spec.: 
(fontspec)             - 'bold italic' (b/it) with NFSS spec.:
(fontspec)             <->s*[1]"[SourceCodePro-BoldIt.otf]:mode=node;script=lat
n;language=dflt;"
(fontspec)             - 'bold italic small caps'  (b/scit) with NFSS spec.: 


Package fontspec Info: SourceCodePro-Light scale = 1.


Package fontspec Info: SourceCodePro-Light scale = 1.

luaotfload | aux : font no 47 (nil) does not define feature smcp for script latn
 with language dflt

Package fontspec Info: SourceCodePro-Semibold scale = 1.

luaotfload | aux : font no 48 (nil) does not define feature smcp for script latn
 with language dflt

Package fontspec Info: SourceCodePro-LightIt scale = 1.

luaotfload | aux : font no 49 (nil) does not define feature smcp for script latn
 with language dflt

Package fontspec Info: SourceCodePro-SemiboldIt scale = 1.

luaotfload | aux : font no 50 (nil) does not define feature smcp for script latn
 with language dflt

Package fontspec Info: Font family 'SourceCodePro(3)' created for font
(fontspec)             'SourceCodePro' with options [Ligatures =,Numbers
(fontspec)             =,Scale = 1,Extension = .otf,UprightFont =
(fontspec)             *-Light,ItalicFont = *-LightIt,BoldFont =
(fontspec)             *-Semibold,BoldItalicFont = *-SemiboldIt].
(fontspec)              
(fontspec)              This font family consists of the following NFSS
(fontspec)             series/shapes:
(fontspec)              
(fontspec)             - 'normal' (m/n) with NFSS spec.:
(fontspec)             <->s*[1]"[SourceCodePro-Light.otf]:mode=node;script=latn
;language=dflt;"
(fontspec)             - 'small caps'  (m/sc) with NFSS spec.: 
(fontspec)             - 'bold' (b/n) with NFSS spec.:
(fontspec)             <->s*[1]"[SourceCodePro-Semibold.otf]:mode=node;script=l
atn;language=dflt;"
(fontspec)             - 'bold small caps'  (b/sc) with NFSS spec.: 
(fontspec)             - 'italic' (m/it) with NFSS spec.:
(fontspec)             <->s*[1]"[SourceCodePro-LightIt.otf]:mode=node;script=la
tn;language=dflt;"
(fontspec)             - 'italic small caps'  (m/scit) with NFSS spec.: 
(fontspec)             - 'bold italic' (b/it) with NFSS spec.:
(fontspec)             <->s*[1]"[SourceCodePro-SemiboldIt.otf]:mode=node;script
=latn;language=dflt;"
(fontspec)             - 'bold italic small caps'  (b/scit) with NFSS spec.: 


Package fontspec Info: SourceCodePro-ExtraLight scale = 1.


Package fontspec Info: SourceCodePro-ExtraLight scale = 1.

luaotfload | aux : font no 53 (nil) does not define feature smcp for script latn
 with language dflt

Package fontspec Info: SourceCodePro-Black scale = 1.

luaotfload | aux : font no 54 (nil) does not define feature smcp for script latn
 with language dflt

Package fontspec Info: SourceCodePro-ExtraLightIt scale = 1.

luaotfload | aux : font no 55 (nil) does not define feature smcp for script latn
 with language dflt

Package fontspec Info: SourceCodePro-BlackIt scale = 1.

luaotfload | aux : font no 56 (nil) does not define feature smcp for script latn
 with language dflt

Package fontspec Info: Font family 'SourceCodePro(4)' created for font
(fontspec)             'SourceCodePro' with options [Ligatures =,Numbers
(fontspec)             =,Scale = 1,Extension = .otf,UprightFont =
(fontspec)             *-ExtraLight,ItalicFont = *-ExtraLightIt,BoldFont =
(fontspec)             *-Black,BoldItalicFont = *-BlackIt].
(fontspec)              
(fontspec)              This font family consists of the following NFSS
(fontspec)             series/shapes:
(fontspec)              
(fontspec)             - 'normal' (m/n) with NFSS spec.:
(fontspec)             <->s*[1]"[SourceCodePro-ExtraLight.otf]:mode=node;script
=latn;language=dflt;"
(fontspec)             - 'small caps'  (m/sc) with NFSS spec.: 
(fontspec)             - 'bold' (b/n) with NFSS spec.:
(fontspec)             <->s*[1]"[SourceCodePro-Black.otf]:mode=node;script=latn
;language=dflt;"
(fontspec)             - 'bold small caps'  (b/sc) with NFSS spec.: 
(fontspec)             - 'italic' (m/it) with NFSS spec.:
(fontspec)             <->s*[1]"[SourceCodePro-ExtraLightIt.otf]:mode=node;scri
pt=latn;language=dflt;"
(fontspec)             - 'italic small caps'  (m/scit) with NFSS spec.: 
(fontspec)             - 'bold italic' (b/it) with NFSS spec.:
(fontspec)             <->s*[1]"[SourceCodePro-BlackIt.otf]:mode=node;script=la
tn;language=dflt;"
(fontspec)             - 'bold italic small caps'  (b/scit) with NFSS spec.: 


Package fontspec Info: SourceCodePro-Regular scale = 1.


Package fontspec Info: SourceCodePro-Regular scale = 1.

luaotfload | aux : font no 37 (nil) does not define feature smcp for script latn
 with language dflt

Package fontspec Info: SourceCodePro-Bold scale = 1.

luaotfload | aux : font no 38 (nil) does not define feature smcp for script latn
 with language dflt

Package fontspec Info: SourceCodePro-RegularIt scale = 1.

luaotfload | aux : font no 39 (nil) does not define feature smcp for script latn
 with language dflt

Package fontspec Info: SourceCodePro-BoldIt scale = 1.

luaotfload | aux : font no 40 (nil) does not define feature smcp for script latn
 with language dflt

Package fontspec Info: Font family 'SourceCodePro(5)' created for font
(fontspec)             'SourceCodePro' with options [Ligatures =,Numbers
(fontspec)             =,Scale = 1,Extension = .otf,Numbers =,UprightFont =
(fontspec)             *-Regular,ItalicFont = *-RegularIt,BoldFont =
(fontspec)             *-Bold,BoldItalicFont = *-BoldIt].
(fontspec)              
(fontspec)              This font family consists of the following NFSS
(fontspec)             series/shapes:
(fontspec)              
(fontspec)             - 'normal' (m/n) with NFSS spec.:
(fontspec)             <->s*[1]"[SourceCodePro-Regular.otf]:mode=node;script=la
tn;language=dflt;"
(fontspec)             - 'small caps'  (m/sc) with NFSS spec.: 
(fontspec)             - 'bold' (b/n) with NFSS spec.:
(fontspec)             <->s*[1]"[SourceCodePro-Bold.otf]:mode=node;script=latn;
language=dflt;"
(fontspec)             - 'bold small caps'  (b/sc) with NFSS spec.: 
(fontspec)             - 'italic' (m/it) with NFSS spec.:
(fontspec)             <->s*[1]"[SourceCodePro-RegularIt.otf]:mode=node;script=
latn;language=dflt;"
(fontspec)             - 'italic small caps'  (m/scit) with NFSS spec.: 
(fontspec)             - 'bold italic' (b/it) with NFSS spec.:
(fontspec)             <->s*[1]"[SourceCodePro-BoldIt.otf]:mode=node;script=lat
n;language=dflt;"
(fontspec)             - 'bold italic small caps'  (b/scit) with NFSS spec.: 

)
("/Users/larryslai/Library/Application Support/MiKTeX/texmfs/install/tex/latex/
sourceserifpro/sourceserifpro.sty"
Package: sourceserifpro 2018/11/10 v1.4 Adobe's Source Serif Pro typeface

Package fontspec Info: SourceSerifPro-Regular scale = 1.


Package fontspec Info: SourceSerifPro-Regular scale = 1.


Package fontspec Info: SourceSerifPro-Regular scale = 1.


Package fontspec Info: SourceSerifPro-Bold scale = 1.


Package fontspec Info: SourceSerifPro-Bold scale = 1.


Package fontspec Info: SourceSerifPro-RegularIt scale = 1.

luaotfload | aux : font no 61 (nil) does not define feature smcp for script latn
 with language dflt

Package fontspec Info: SourceSerifPro-BoldIt scale = 1.

luaotfload | aux : font no 62 (nil) does not define feature smcp for script latn
 with language dflt

Package fontspec Info: Font family 'SourceSerifPro(0)' created for font
(fontspec)             'SourceSerifPro' with options [Ligatures = TeX,Numbers
(fontspec)             = {Proportional, },Scale = 1,Extension =
(fontspec)             .otf,Ligatures=TeX,UprightFont = *-Regular,ItalicFont =
(fontspec)             *-RegularIt,BoldFont = *-Bold,BoldItalicFont =
(fontspec)             *-BoldIt].
(fontspec)              
(fontspec)              This font family consists of the following NFSS
(fontspec)             series/shapes:
(fontspec)              
(fontspec)             - 'normal' (m/n) with NFSS spec.:
(fontspec)             <->s*[1]"[SourceSerifPro-Regular.otf]:mode=node;script=l
atn;language=dflt;+pnum;+tlig;"
(fontspec)             - 'small caps'  (m/sc) with NFSS spec.:
(fontspec)             <->s*[1]"[SourceSerifPro-Regular.otf]:mode=node;script=l
atn;language=dflt;+pnum;+tlig;+smcp;"
(fontspec)             - 'bold' (b/n) with NFSS spec.:
(fontspec)             <->s*[1]"[SourceSerifPro-Bold.otf]:mode=node;script=latn
;language=dflt;+pnum;+tlig;"
(fontspec)             - 'bold small caps'  (b/sc) with NFSS spec.:
(fontspec)             <->s*[1]"[SourceSerifPro-Bold.otf]:mode=node;script=latn
;language=dflt;+pnum;+tlig;+smcp;"
(fontspec)             - 'italic' (m/it) with NFSS spec.:
(fontspec)             <->s*[1]"[SourceSerifPro-RegularIt.otf]:mode=node;script
=latn;language=dflt;+pnum;+tlig;"
(fontspec)             - 'italic small caps'  (m/scit) with NFSS spec.: 
(fontspec)             - 'bold italic' (b/it) with NFSS spec.:
(fontspec)             <->s*[1]"[SourceSerifPro-BoldIt.otf]:mode=node;script=la
tn;language=dflt;+pnum;+tlig;"
(fontspec)             - 'bold italic small caps'  (b/scit) with NFSS spec.: 

LaTeX Font Info:    Font shape `TU/SourceSerifPro(0)/m/n' will be
(Font)              scaled to size 10.95pt on input line 120.

Package fontspec Info: SourceSerifPro-Regular scale = 1.


Package fontspec Info: SourceSerifPro-Regular scale = 1.


Package fontspec Info: SourceSerifPro-Regular scale = 1.


Package fontspec Info: SourceSerifPro-Bold scale = 1.


Package fontspec Info: SourceSerifPro-Bold scale = 1.


Package fontspec Info: SourceSerifPro-RegularIt scale = 1.

luaotfload | aux : font no 61 (nil) does not define feature smcp for script latn
 with language dflt

Package fontspec Info: SourceSerifPro-BoldIt scale = 1.

luaotfload | aux : font no 62 (nil) does not define feature smcp for script latn
 with language dflt

Package fontspec Info: Font family 'SourceSerifPro(1)' created for font
(fontspec)             'SourceSerifPro' with options [Ligatures = TeX,Numbers
(fontspec)             = {Proportional, },Scale = 1,Extension =
(fontspec)             .otf,UprightFont = *-Regular,ItalicFont =
(fontspec)             *-RegularIt,BoldFont = *-Bold,BoldItalicFont =
(fontspec)             *-BoldIt].
(fontspec)              
(fontspec)              This font family consists of the following NFSS
(fontspec)             series/shapes:
(fontspec)              
(fontspec)             - 'normal' (m/n) with NFSS spec.:
(fontspec)             <->s*[1]"[SourceSerifPro-Regular.otf]:mode=node;script=l
atn;language=dflt;+tlig;+pnum;"
(fontspec)             - 'small caps'  (m/sc) with NFSS spec.:
(fontspec)             <->s*[1]"[SourceSerifPro-Regular.otf]:mode=node;script=l
atn;language=dflt;+tlig;+pnum;+smcp;"
(fontspec)             - 'bold' (b/n) with NFSS spec.:
(fontspec)             <->s*[1]"[SourceSerifPro-Bold.otf]:mode=node;script=latn
;language=dflt;+tlig;+pnum;"
(fontspec)             - 'bold small caps'  (b/sc) with NFSS spec.:
(fontspec)             <->s*[1]"[SourceSerifPro-Bold.otf]:mode=node;script=latn
;language=dflt;+tlig;+pnum;+smcp;"
(fontspec)             - 'italic' (m/it) with NFSS spec.:
(fontspec)             <->s*[1]"[SourceSerifPro-RegularIt.otf]:mode=node;script
=latn;language=dflt;+tlig;+pnum;"
(fontspec)             - 'italic small caps'  (m/scit) with NFSS spec.: 
(fontspec)             - 'bold italic' (b/it) with NFSS spec.:
(fontspec)             <->s*[1]"[SourceSerifPro-BoldIt.otf]:mode=node;script=la
tn;language=dflt;+tlig;+pnum;"
(fontspec)             - 'bold italic small caps'  (b/scit) with NFSS spec.: 


Package fontspec Info: SourceSerifPro-Light scale = 1.


Package fontspec Info: SourceSerifPro-Light scale = 1.


Package fontspec Info: SourceSerifPro-Light scale = 1.


Package fontspec Info: SourceSerifPro-Semibold scale = 1.


Package fontspec Info: SourceSerifPro-Semibold scale = 1.


Package fontspec Info: SourceSerifPro-LightIt scale = 1.

luaotfload | aux : font no 68 (nil) does not define feature smcp for script latn
 with language dflt

Package fontspec Info: SourceSerifPro-SemiboldIt scale = 1.

luaotfload | aux : font no 69 (nil) does not define feature smcp for script latn
 with language dflt

Package fontspec Info: Font family 'SourceSerifPro(2)' created for font
(fontspec)             'SourceSerifPro' with options [Ligatures = TeX,Numbers
(fontspec)             = {Proportional, },Scale = 1,Extension =
(fontspec)             .otf,UprightFont = *-Light,ItalicFont =
(fontspec)             *-LightIt,BoldFont = *-Semibold,BoldItalicFont =
(fontspec)             *-SemiboldIt].
(fontspec)              
(fontspec)              This font family consists of the following NFSS
(fontspec)             series/shapes:
(fontspec)              
(fontspec)             - 'normal' (m/n) with NFSS spec.:
(fontspec)             <->s*[1]"[SourceSerifPro-Light.otf]:mode=node;script=lat
n;language=dflt;+tlig;+pnum;"
(fontspec)             - 'small caps'  (m/sc) with NFSS spec.:
(fontspec)             <->s*[1]"[SourceSerifPro-Light.otf]:mode=node;script=lat
n;language=dflt;+tlig;+pnum;+smcp;"
(fontspec)             - 'bold' (b/n) with NFSS spec.:
(fontspec)             <->s*[1]"[SourceSerifPro-Semibold.otf]:mode=node;script=
latn;language=dflt;+tlig;+pnum;"
(fontspec)             - 'bold small caps'  (b/sc) with NFSS spec.:
(fontspec)             <->s*[1]"[SourceSerifPro-Semibold.otf]:mode=node;script=
latn;language=dflt;+tlig;+pnum;+smcp;"
(fontspec)             - 'italic' (m/it) with NFSS spec.:
(fontspec)             <->s*[1]"[SourceSerifPro-LightIt.otf]:mode=node;script=l
atn;language=dflt;+tlig;+pnum;"
(fontspec)             - 'italic small caps'  (m/scit) with NFSS spec.: 
(fontspec)             - 'bold italic' (b/it) with NFSS spec.:
(fontspec)             <->s*[1]"[SourceSerifPro-SemiboldIt.otf]:mode=node;scrip
t=latn;language=dflt;+tlig;+pnum;"
(fontspec)             - 'bold italic small caps'  (b/scit) with NFSS spec.: 


Package fontspec Info: SourceSerifPro-ExtraLight scale = 1.


Package fontspec Info: SourceSerifPro-ExtraLight scale = 1.


Package fontspec Info: SourceSerifPro-ExtraLight scale = 1.


Package fontspec Info: SourceSerifPro-Black scale = 1.


Package fontspec Info: SourceSerifPro-Black scale = 1.


Package fontspec Info: SourceSerifPro-ExtraLightIt scale = 1.

luaotfload | aux : font no 74 (nil) does not define feature smcp for script latn
 with language dflt

Package fontspec Info: SourceSerifPro-BlackIt scale = 1.

luaotfload | aux : font no 75 (nil) does not define feature smcp for script latn
 with language dflt

Package fontspec Info: Font family 'SourceSerifPro(3)' created for font
(fontspec)             'SourceSerifPro' with options [Ligatures = TeX,Numbers
(fontspec)             = {Proportional, },Scale = 1,Extension =
(fontspec)             .otf,UprightFont = *-ExtraLight,ItalicFont =
(fontspec)             *-ExtraLightIt,BoldFont = *-Black,BoldItalicFont =
(fontspec)             *-BlackIt].
(fontspec)              
(fontspec)              This font family consists of the following NFSS
(fontspec)             series/shapes:
(fontspec)              
(fontspec)             - 'normal' (m/n) with NFSS spec.:
(fontspec)             <->s*[1]"[SourceSerifPro-ExtraLight.otf]:mode=node;scrip
t=latn;language=dflt;+tlig;+pnum;"
(fontspec)             - 'small caps'  (m/sc) with NFSS spec.:
(fontspec)             <->s*[1]"[SourceSerifPro-ExtraLight.otf]:mode=node;scrip
t=latn;language=dflt;+tlig;+pnum;+smcp;"
(fontspec)             - 'bold' (b/n) with NFSS spec.:
(fontspec)             <->s*[1]"[SourceSerifPro-Black.otf]:mode=node;script=lat
n;language=dflt;+tlig;+pnum;"
(fontspec)             - 'bold small caps'  (b/sc) with NFSS spec.:
(fontspec)             <->s*[1]"[SourceSerifPro-Black.otf]:mode=node;script=lat
n;language=dflt;+tlig;+pnum;+smcp;"
(fontspec)             - 'italic' (m/it) with NFSS spec.:
(fontspec)             <->s*[1]"[SourceSerifPro-ExtraLightIt.otf]:mode=node;scr
ipt=latn;language=dflt;+tlig;+pnum;"
(fontspec)             - 'italic small caps'  (m/scit) with NFSS spec.: 
(fontspec)             - 'bold italic' (b/it) with NFSS spec.:
(fontspec)             <->s*[1]"[SourceSerifPro-BlackIt.otf]:mode=node;script=l
atn;language=dflt;+tlig;+pnum;"
(fontspec)             - 'bold italic small caps'  (b/scit) with NFSS spec.: 


Package fontspec Info: SourceSerifPro-Regular scale = 1.


Package fontspec Info: SourceSerifPro-Regular scale = 1.


Package fontspec Info: SourceSerifPro-Regular scale = 1.


Package fontspec Info: SourceSerifPro-Bold scale = 1.


Package fontspec Info: SourceSerifPro-Bold scale = 1.


Package fontspec Info: SourceSerifPro-RegularIt scale = 1.

luaotfload | aux : font no 61 (nil) does not define feature smcp for script latn
 with language dflt

Package fontspec Info: SourceSerifPro-BoldIt scale = 1.

luaotfload | aux : font no 62 (nil) does not define feature smcp for script latn
 with language dflt

Package fontspec Info: Font family 'SourceSerifPro(4)' created for font
(fontspec)             'SourceSerifPro' with options [Ligatures = TeX,Numbers
(fontspec)             = {Proportional, },Scale = 1,Extension = .otf,Numbers =
(fontspec)             Proportional,UprightFont = *-Regular,ItalicFont =
(fontspec)             *-RegularIt,BoldFont = *-Bold,BoldItalicFont =
(fontspec)             *-BoldIt].
(fontspec)              
(fontspec)              This font family consists of the following NFSS
(fontspec)             series/shapes:
(fontspec)              
(fontspec)             - 'normal' (m/n) with NFSS spec.:
(fontspec)             <->s*[1]"[SourceSerifPro-Regular.otf]:mode=node;script=l
atn;language=dflt;+tlig;+pnum;"
(fontspec)             - 'small caps'  (m/sc) with NFSS spec.:
(fontspec)             <->s*[1]"[SourceSerifPro-Regular.otf]:mode=node;script=l
atn;language=dflt;+tlig;+pnum;+smcp;"
(fontspec)             - 'bold' (b/n) with NFSS spec.:
(fontspec)             <->s*[1]"[SourceSerifPro-Bold.otf]:mode=node;script=latn
;language=dflt;+tlig;+pnum;"
(fontspec)             - 'bold small caps'  (b/sc) with NFSS spec.:
(fontspec)             <->s*[1]"[SourceSerifPro-Bold.otf]:mode=node;script=latn
;language=dflt;+tlig;+pnum;+smcp;"
(fontspec)             - 'italic' (m/it) with NFSS spec.:
(fontspec)             <->s*[1]"[SourceSerifPro-RegularIt.otf]:mode=node;script
=latn;language=dflt;+tlig;+pnum;"
(fontspec)             - 'italic small caps'  (m/scit) with NFSS spec.: 
(fontspec)             - 'bold italic' (b/it) with NFSS spec.:
(fontspec)             <->s*[1]"[SourceSerifPro-BoldIt.otf]:mode=node;script=la
tn;language=dflt;+tlig;+pnum;"
(fontspec)             - 'bold italic small caps'  (b/scit) with NFSS spec.: 

)
("/Library/Application Support/MiKTeX/texmfs/install/tex/latex/base/fontenc.sty
"
Package: fontenc 2021/04/29 v2.0v Standard LaTeX package
LaTeX Font Info:    Trying to load font information for T1+SourceSerifPro(0) on
 input line 112.
LaTeX Font Info:    No file T1SourceSerifPro(0).fd. on input line 112.


LaTeX Font Warning: Font shape `T1/SourceSerifPro(0)/m/n' undefined
(Font)              using `T1/cmr/m/n' instead on input line 112.

)
("/Users/larryslai/Library/Application Support/MiKTeX/texmfs/install/tex/latex/
csquotes/csquotes.sty"
Package: csquotes 2022-09-14 v5.2n context-sensitive quotations (JAW)
\csq@reset=\count375
\csq@gtype=\count376
\csq@glevel=\count377
\csq@qlevel=\count378
\csq@maxlvl=\count379
\csq@tshold=\count380
\csq@ltx@everypar=\toks56

("/Users/larryslai/Library/Application Support/MiKTeX/texmfs/install/tex/latex/
csquotes/csquotes.def"
File: csquotes.def 2022-09-14 v5.2n csquotes generic definitions (JAW)
)
Package csquotes Info: Trying to load configuration file 'csquotes.cfg'...
Package csquotes Info: ... configuration file loaded successfully.

("/Users/larryslai/Library/Application Support/MiKTeX/texmfs/install/tex/latex/
csquotes/csquotes.cfg"
File: csquotes.cfg 
)
Package csquotes Info: Disabling multilingual quotes.
Package csquotes Info: Disabling multilingual quotes.
Package csquotes Info: Redefining alias 'default' -> 'english'.
)
("/Library/Application Support/MiKTeX/texmfs/install/tex/latex/pgf/frontendlaye
r/tikz.sty"
("/Library/Application Support/MiKTeX/texmfs/install/tex/latex/pgf/basiclayer/p
gf.sty"
("/Library/Application Support/MiKTeX/texmfs/install/tex/latex/pgf/utilities/pg
frcs.sty"
("/Library/Application Support/MiKTeX/texmfs/install/tex/generic/pgf/utilities/
pgfutil-common.tex"
\pgfutil@everybye=\toks57
\pgfutil@tempdima=\dimen272
\pgfutil@tempdimb=\dimen273
)
("/Library/Application Support/MiKTeX/texmfs/install/tex/generic/pgf/utilities/
pgfutil-latex.def"
\pgfutil@abb=\box66
)
("/Library/Application Support/MiKTeX/texmfs/install/tex/generic/pgf/utilities/
pgfrcs.code.tex"
("/Library/Application Support/MiKTeX/texmfs/install/tex/generic/pgf/pgf.revisi
on.tex")
Package: pgfrcs 2023-01-15 v3.1.10 (3.1.10)
))
Package: pgf 2023-01-15 v3.1.10 (3.1.10)

("/Library/Application Support/MiKTeX/texmfs/install/tex/latex/pgf/basiclayer/p
gfcore.sty"
("/Library/Application Support/MiKTeX/texmfs/install/tex/latex/pgf/systemlayer/
pgfsys.sty"
("/Library/Application Support/MiKTeX/texmfs/install/tex/generic/pgf/systemlaye
r/pgfsys.code.tex"
Package: pgfsys 2023-01-15 v3.1.10 (3.1.10)

("/Library/Application Support/MiKTeX/texmfs/install/tex/generic/pgf/utilities/
pgfkeys.code.tex"
\pgfkeys@pathtoks=\toks58
\pgfkeys@temptoks=\toks59

("/Library/Application Support/MiKTeX/texmfs/install/tex/generic/pgf/utilities/
pgfkeyslibraryfiltered.code.tex"
\pgfkeys@tmptoks=\toks60
))
\pgf@x=\dimen274
\pgf@y=\dimen275
\pgf@xa=\dimen276
\pgf@ya=\dimen277
\pgf@xb=\dimen278
\pgf@yb=\dimen279
\pgf@xc=\dimen280
\pgf@yc=\dimen281
\pgf@xd=\dimen282
\pgf@yd=\dimen283
\w@pgf@writea=\write5
\r@pgf@reada=\read3
\c@pgf@counta=\count381
\c@pgf@countb=\count382
\c@pgf@countc=\count383
\c@pgf@countd=\count384
\t@pgf@toka=\toks61
\t@pgf@tokb=\toks62
\t@pgf@tokc=\toks63
\pgf@sys@id@count=\count385

("/Library/Application Support/MiKTeX/texmfs/install/tex/generic/pgf/systemlaye
r/pgf.cfg"
File: pgf.cfg 2023-01-15 v3.1.10 (3.1.10)
)
Driver file for pgf: pgfsys-luatex.def

("/Library/Application Support/MiKTeX/texmfs/install/tex/generic/pgf/systemlaye
r/pgfsys-luatex.def"
File: pgfsys-luatex.def 2023-01-15 v3.1.10 (3.1.10)

("/Library/Application Support/MiKTeX/texmfs/install/tex/generic/pgf/systemlaye
r/pgfsys-common-pdf.def"
File: pgfsys-common-pdf.def 2023-01-15 v3.1.10 (3.1.10)
)))
("/Library/Application Support/MiKTeX/texmfs/install/tex/generic/pgf/systemlaye
r/pgfsyssoftpath.code.tex"
File: pgfsyssoftpath.code.tex 2023-01-15 v3.1.10 (3.1.10)
\pgfsyssoftpath@smallbuffer@items=\count386
\pgfsyssoftpath@bigbuffer@items=\count387
)
("/Library/Application Support/MiKTeX/texmfs/install/tex/generic/pgf/systemlaye
r/pgfsysprotocol.code.tex"
File: pgfsysprotocol.code.tex 2023-01-15 v3.1.10 (3.1.10)
))
("/Library/Application Support/MiKTeX/texmfs/install/tex/generic/pgf/basiclayer
/pgfcore.code.tex"
Package: pgfcore 2023-01-15 v3.1.10 (3.1.10)

("/Library/Application Support/MiKTeX/texmfs/install/tex/generic/pgf/math/pgfma
th.code.tex"
("/Library/Application Support/MiKTeX/texmfs/install/tex/generic/pgf/math/pgfma
thutil.code.tex")
("/Library/Application Support/MiKTeX/texmfs/install/tex/generic/pgf/math/pgfma
thparser.code.tex"
\pgfmath@dimen=\dimen284
\pgfmath@count=\count388
\pgfmath@box=\box67
\pgfmath@toks=\toks64
\pgfmath@stack@operand=\toks65
\pgfmath@stack@operation=\toks66
)
("/Library/Application Support/MiKTeX/texmfs/install/tex/generic/pgf/math/pgfma
thfunctions.code.tex")
("/Library/Application Support/MiKTeX/texmfs/install/tex/generic/pgf/math/pgfma
thfunctions.basic.code.tex")
("/Library/Application Support/MiKTeX/texmfs/install/tex/generic/pgf/math/pgfma
thfunctions.trigonometric.code.tex")
("/Library/Application Support/MiKTeX/texmfs/install/tex/generic/pgf/math/pgfma
thfunctions.random.code.tex")
("/Library/Application Support/MiKTeX/texmfs/install/tex/generic/pgf/math/pgfma
thfunctions.comparison.code.tex")
("/Library/Application Support/MiKTeX/texmfs/install/tex/generic/pgf/math/pgfma
thfunctions.base.code.tex")
("/Library/Application Support/MiKTeX/texmfs/install/tex/generic/pgf/math/pgfma
thfunctions.round.code.tex")
("/Library/Application Support/MiKTeX/texmfs/install/tex/generic/pgf/math/pgfma
thfunctions.misc.code.tex")
("/Library/Application Support/MiKTeX/texmfs/install/tex/generic/pgf/math/pgfma
thfunctions.integerarithmetics.code.tex")
("/Library/Application Support/MiKTeX/texmfs/install/tex/generic/pgf/math/pgfma
thcalc.code.tex")
("/Library/Application Support/MiKTeX/texmfs/install/tex/generic/pgf/math/pgfma
thfloat.code.tex"
\c@pgfmathroundto@lastzeros=\count389
))
("/Library/Application Support/MiKTeX/texmfs/install/tex/generic/pgf/math/pgfin
t.code.tex")
("/Library/Application Support/MiKTeX/texmfs/install/tex/generic/pgf/basiclayer
/pgfcorepoints.code.tex"
File: pgfcorepoints.code.tex 2023-01-15 v3.1.10 (3.1.10)
\pgf@picminx=\dimen285
\pgf@picmaxx=\dimen286
\pgf@picminy=\dimen287
\pgf@picmaxy=\dimen288
\pgf@pathminx=\dimen289
\pgf@pathmaxx=\dimen290
\pgf@pathminy=\dimen291
\pgf@pathmaxy=\dimen292
\pgf@xx=\dimen293
\pgf@xy=\dimen294
\pgf@yx=\dimen295
\pgf@yy=\dimen296
\pgf@zx=\dimen297
\pgf@zy=\dimen298
)
("/Library/Application Support/MiKTeX/texmfs/install/tex/generic/pgf/basiclayer
/pgfcorepathconstruct.code.tex"
File: pgfcorepathconstruct.code.tex 2023-01-15 v3.1.10 (3.1.10)
\pgf@path@lastx=\dimen299
\pgf@path@lasty=\dimen300
)
("/Library/Application Support/MiKTeX/texmfs/install/tex/generic/pgf/basiclayer
/pgfcorepathusage.code.tex"
File: pgfcorepathusage.code.tex 2023-01-15 v3.1.10 (3.1.10)
\pgf@shorten@end@additional=\dimen301
\pgf@shorten@start@additional=\dimen302
)
("/Library/Application Support/MiKTeX/texmfs/install/tex/generic/pgf/basiclayer
/pgfcorescopes.code.tex"
File: pgfcorescopes.code.tex 2023-01-15 v3.1.10 (3.1.10)
\pgfpic=\box68
\pgf@hbox=\box69
\pgf@layerbox@main=\box70
\pgf@picture@serial@count=\count390
)
("/Library/Application Support/MiKTeX/texmfs/install/tex/generic/pgf/basiclayer
/pgfcoregraphicstate.code.tex"
File: pgfcoregraphicstate.code.tex 2023-01-15 v3.1.10 (3.1.10)
\pgflinewidth=\dimen303
)
("/Library/Application Support/MiKTeX/texmfs/install/tex/generic/pgf/basiclayer
/pgfcoretransformations.code.tex"
File: pgfcoretransformations.code.tex 2023-01-15 v3.1.10 (3.1.10)
\pgf@pt@x=\dimen304
\pgf@pt@y=\dimen305
\pgf@pt@temp=\dimen306
)
("/Library/Application Support/MiKTeX/texmfs/install/tex/generic/pgf/basiclayer
/pgfcorequick.code.tex"
File: pgfcorequick.code.tex 2023-01-15 v3.1.10 (3.1.10)
)
("/Library/Application Support/MiKTeX/texmfs/install/tex/generic/pgf/basiclayer
/pgfcoreobjects.code.tex"
File: pgfcoreobjects.code.tex 2023-01-15 v3.1.10 (3.1.10)
)
("/Library/Application Support/MiKTeX/texmfs/install/tex/generic/pgf/basiclayer
/pgfcorepathprocessing.code.tex"
File: pgfcorepathprocessing.code.tex 2023-01-15 v3.1.10 (3.1.10)
)
("/Library/Application Support/MiKTeX/texmfs/install/tex/generic/pgf/basiclayer
/pgfcorearrows.code.tex"
File: pgfcorearrows.code.tex 2023-01-15 v3.1.10 (3.1.10)
\pgfarrowsep=\dimen307
)
("/Library/Application Support/MiKTeX/texmfs/install/tex/generic/pgf/basiclayer
/pgfcoreshade.code.tex"
File: pgfcoreshade.code.tex 2023-01-15 v3.1.10 (3.1.10)
\pgf@max=\dimen308
\pgf@sys@shading@range@num=\count391
\pgf@shadingcount=\count392
)
("/Library/Application Support/MiKTeX/texmfs/install/tex/generic/pgf/basiclayer
/pgfcoreimage.code.tex"
File: pgfcoreimage.code.tex 2023-01-15 v3.1.10 (3.1.10)
)
("/Library/Application Support/MiKTeX/texmfs/install/tex/generic/pgf/basiclayer
/pgfcoreexternal.code.tex"
File: pgfcoreexternal.code.tex 2023-01-15 v3.1.10 (3.1.10)
\pgfexternal@startupbox=\box71
)
("/Library/Application Support/MiKTeX/texmfs/install/tex/generic/pgf/basiclayer
/pgfcorelayers.code.tex"
File: pgfcorelayers.code.tex 2023-01-15 v3.1.10 (3.1.10)
)
("/Library/Application Support/MiKTeX/texmfs/install/tex/generic/pgf/basiclayer
/pgfcoretransparency.code.tex"
File: pgfcoretransparency.code.tex 2023-01-15 v3.1.10 (3.1.10)
)
("/Library/Application Support/MiKTeX/texmfs/install/tex/generic/pgf/basiclayer
/pgfcorepatterns.code.tex"
File: pgfcorepatterns.code.tex 2023-01-15 v3.1.10 (3.1.10)
)
("/Library/Application Support/MiKTeX/texmfs/install/tex/generic/pgf/basiclayer
/pgfcorerdf.code.tex"
File: pgfcorerdf.code.tex 2023-01-15 v3.1.10 (3.1.10)
)))
("/Library/Application Support/MiKTeX/texmfs/install/tex/generic/pgf/modules/pg
fmoduleshapes.code.tex"
File: pgfmoduleshapes.code.tex 2023-01-15 v3.1.10 (3.1.10)
\pgfnodeparttextbox=\box72
)
("/Library/Application Support/MiKTeX/texmfs/install/tex/generic/pgf/modules/pg
fmoduleplot.code.tex"
File: pgfmoduleplot.code.tex 2023-01-15 v3.1.10 (3.1.10)
)
("/Library/Application Support/MiKTeX/texmfs/install/tex/latex/pgf/compatibilit
y/pgfcomp-version-0-65.sty"
Package: pgfcomp-version-0-65 2023-01-15 v3.1.10 (3.1.10)
\pgf@nodesepstart=\dimen309
\pgf@nodesepend=\dimen310
)
("/Library/Application Support/MiKTeX/texmfs/install/tex/latex/pgf/compatibilit
y/pgfcomp-version-1-18.sty"
Package: pgfcomp-version-1-18 2023-01-15 v3.1.10 (3.1.10)
))
("/Library/Application Support/MiKTeX/texmfs/install/tex/latex/pgf/utilities/pg
ffor.sty"
("/Library/Application Support/MiKTeX/texmfs/install/tex/latex/pgf/utilities/pg
fkeys.sty"
("/Library/Application Support/MiKTeX/texmfs/install/tex/generic/pgf/utilities/
pgfkeys.code.tex"))
("/Library/Application Support/MiKTeX/texmfs/install/tex/latex/pgf/math/pgfmath
.sty"
("/Library/Application Support/MiKTeX/texmfs/install/tex/generic/pgf/math/pgfma
th.code.tex"))
("/Library/Application Support/MiKTeX/texmfs/install/tex/generic/pgf/utilities/
pgffor.code.tex"
Package: pgffor 2023-01-15 v3.1.10 (3.1.10)
\pgffor@iter=\dimen311
\pgffor@skip=\dimen312
\pgffor@stack=\toks67
\pgffor@toks=\toks68
))
("/Library/Application Support/MiKTeX/texmfs/install/tex/generic/pgf/frontendla
yer/tikz/tikz.code.tex"
Package: tikz 2023-01-15 v3.1.10 (3.1.10)

("/Library/Application Support/MiKTeX/texmfs/install/tex/generic/pgf/libraries/
pgflibraryplothandlers.code.tex"
File: pgflibraryplothandlers.code.tex 2023-01-15 v3.1.10 (3.1.10)
\pgf@plot@mark@count=\count393
\pgfplotmarksize=\dimen313
)
\tikz@lastx=\dimen314
\tikz@lasty=\dimen315
\tikz@lastxsaved=\dimen316
\tikz@lastysaved=\dimen317
\tikz@lastmovetox=\dimen318
\tikz@lastmovetoy=\dimen319
\tikzleveldistance=\dimen320
\tikzsiblingdistance=\dimen321
\tikz@figbox=\box73
\tikz@figbox@bg=\box74
\tikz@tempbox=\box75
\tikz@tempbox@bg=\box76
\tikztreelevel=\count394
\tikznumberofchildren=\count395
\tikznumberofcurrentchild=\count396
\tikz@fig@count=\count397

("/Library/Application Support/MiKTeX/texmfs/install/tex/generic/pgf/modules/pg
fmodulematrix.code.tex"
File: pgfmodulematrix.code.tex 2023-01-15 v3.1.10 (3.1.10)
\pgfmatrixcurrentrow=\count398
\pgfmatrixcurrentcolumn=\count399
\pgf@matrix@numberofcolumns=\count400
)
\tikz@expandcount=\count401

("/Library/Application Support/MiKTeX/texmfs/install/tex/generic/pgf/frontendla
yer/tikz/libraries/tikzlibrarytopaths.code.tex"
File: tikzlibrarytopaths.code.tex 2023-01-15 v3.1.10 (3.1.10)
)))
("/Library/Application Support/MiKTeX/texmfs/install/tex/generic/pgf/frontendla
yer/tikz/libraries/tikzlibrarysvg.path.code.tex"
File: tikzlibrarysvg.path.code.tex 2023-01-15 v3.1.10 (3.1.10)

("/Library/Application Support/MiKTeX/texmfs/install/tex/generic/pgf/libraries/
pgflibrarysvg.path.code.tex"
File: pgflibrarysvg.path.code.tex 2023-01-15 v3.1.10 (3.1.10)

("/Library/Application Support/MiKTeX/texmfs/install/tex/generic/pgf/modules/pg
fmoduleparser.code.tex"
File: pgfmoduleparser.code.tex 2023-01-15 v3.1.10 (3.1.10)
\pgfparserdef@arg@count=\count402
)
\pgf@lib@svg@last@x=\dimen322
\pgf@lib@svg@last@y=\dimen323
\pgf@lib@svg@last@c@x=\dimen324
\pgf@lib@svg@last@c@y=\dimen325
\pgf@lib@svg@count=\count403
\pgf@lib@svg@max@num=\count404
))
\@curXheight=\skip92
\dtldb@credits=\toks69
\dtlkeys@credits=\toks70
\dtlrows@credits=\count405
\dtlcols@credits=\count406
 Excluding comment 'closing')
No file main.aux.

\openout1 = main.aux
LaTeX Font Info:    Checking defaults for OML/cmm/m/it on input line 84.
LaTeX Font Info:    ... okay on input line 84.
LaTeX Font Info:    Checking defaults for OMS/cmsy/m/n on input line 84.
LaTeX Font Info:    ... okay on input line 84.
LaTeX Font Info:    Checking defaults for OT1/cmr/m/n on input line 84.
LaTeX Font Info:    ... okay on input line 84.
LaTeX Font Info:    Checking defaults for T1/cmr/m/n on input line 84.
LaTeX Font Info:    ... okay on input line 84.
LaTeX Font Info:    Checking defaults for TS1/cmr/m/n on input line 84.
LaTeX Font Info:    Trying to load font information for TS1+cmr on input line 8
4.
("/Library/Application Support/MiKTeX/texmfs/install/tex/latex/base/ts1cmr.fd"
File: ts1cmr.fd 2023/04/13 v2.5m Standard LaTeX font definitions
)
LaTeX Font Info:    ... okay on input line 84.
LaTeX Font Info:    Checking defaults for TU/lmr/m/n on input line 84.
LaTeX Font Info:    ... okay on input line 84.
LaTeX Font Info:    Checking defaults for OMX/cmex/m/n on input line 84.
LaTeX Font Info:    ... okay on input line 84.
LaTeX Font Info:    Checking defaults for U/cmr/m/n on input line 84.
LaTeX Font Info:    ... okay on input line 84.
LaTeX Font Info:    Checking defaults for PD1/pdf/m/n on input line 84.
LaTeX Font Info:    ... okay on input line 84.
LaTeX Font Info:    Checking defaults for PU/pdf/m/n on input line 84.
LaTeX Font Info:    ... okay on input line 84.
LaTeX Font Info:    Font shape `TU/SourceSansPro(0)/m/n' will be
(Font)              scaled to size 10.95pt on input line 84.
*geometry* driver: auto-detecting
*geometry* detected driver: luatex
*geometry* verbose mode - [ preamble ] result:
* driver: luatex
* paper: <default>
* layout: <same size as paper>
* layoutoffset:(h,v)=(0.0pt,0.0pt)
* modes: twoside 
* h-part:(L,W,R)=(42.67912pt, 512.14963pt, 42.67912pt)
* v-part:(T,H,B)=(56.9055pt, 745.46222pt, 42.67912pt)
* \paperwidth=597.50787pt
* \paperheight=845.04684pt
* \textwidth=512.14963pt
* \textheight=745.46222pt
* \oddsidemargin=-29.59087pt
* \evensidemargin=-29.59087pt
* \topmargin=-47.28133pt
* \headheight=12.0pt
* \headsep=19.91684pt
* \topskip=11.0pt
* \footskip=19.91684pt
* \marginparwidth=103.0pt
* \marginparsep=10.0pt
* \columnsep=22.76228pt
* \skip\footins=10.0pt plus 4.0pt minus 2.0pt
* \hoffset=0.0pt
* \voffset=0.0pt
* \mag=1000
* \@twocolumnfalse
* \@twosidetrue
* \@mparswitchtrue
* \@reversemarginfalse
* (1in=72.27pt=25.4mm, 1cm=28.453pt)


("/Library/Application Support/MiKTeX/texmfs/install/tex/context/base/mkii/supp
-pdf.mkii"
[Loading MPS to PDF converter (version 2006.09.02).]
\scratchcounter=\count407
\scratchdimen=\dimen326
\scratchbox=\box77
\nofMPsegments=\count408
\nofMParguments=\count409
\everyMPshowfont=\toks71
\MPscratchCnt=\count410
\MPscratchDim=\dimen327
\MPnumerator=\count411
\makeMPintoPDFobject=\count412
\everyMPtoPDFconversion=\toks72
)
("/Library/Application Support/MiKTeX/texmfs/install/tex/latex/epstopdf-pkg/eps
topdf-base.sty"
Package: epstopdf-base 2020-01-24 v2.11 Base part for package epstopdf
Package epstopdf-base Info: Redefining graphics rule for `.eps' on input line 4
85.

("/Library/Application Support/MiKTeX/texmfs/install/tex/latex/00miktex/epstopd
f-sys.cfg"
File: epstopdf-sys.cfg 2021/03/18 v2.0 Configuration of epstopdf for MiKTeX
))
Package hyperref Info: Link coloring ON on input line 84.
Package caption Info: Begin \AtBeginDocument code.
Package caption Info: changepage package is loaded.
\caption@adjustwidth@hsize=\dimen328
\caption@adjustwidth@linewidth=\dimen329
Package caption Info: listings package is loaded.
Package caption Info: End \AtBeginDocument code.
\c@lstlisting=\count413
<banner.png, id=7, 3694.4424pt x 338.2236pt>
File: banner.png Graphic file (type png)
<use banner.png>
Package luatex.def Info: banner.png  used on input line 111.
(luatex.def)             Requested size: 512.14963pt x 46.88649pt.

Overfull \hbox (17.0pt too wide) in paragraph at lines 111--111
[][][][][][] 
 []

LaTeX Font Info:    Font shape `TU/SourceSansPro(0)/m/n' will be
(Font)              scaled to size 10.0pt on input line 111.
LaTeX Font Info:    Font shape `TU/SourceSansPro(0)/m/n' will be
(Font)              scaled to size 21.0pt on input line 111.
LaTeX Font Info:    Font shape `TU/SourceSansPro(0)/b/n' will be
(Font)              scaled to size 21.0pt on input line 111.
LaTeX Font Info:    Font shape `TU/SourceSansPro(0)/m/n' will be
(Font)              scaled to size 6.0pt on input line 111.
LaTeX Font Info:    Font shape `TU/SourceSansPro(0)/m/n' will be
(Font)              scaled to size 12.0pt on input line 111.
LaTeX Font Info:    Font shape `TU/SourceSansPro(0)/b/n' will be
(Font)              scaled to size 12.0pt on input line 111.
LaTeX Font Info:    Font shape `TU/SourceSansPro(0)/b/n' will be
(Font)              scaled to size 14.0pt on input line 138.

LaTeX Font Warning: Font shape `T1/SourceSerifPro(0)/b/n' undefined
(Font)              using `T1/SourceSerifPro(0)/m/n' instead on input line 147.



Package natbib Warning: Citation `metropolis_monte_1949' on page 1 undefined on
 input line 147.


Package natbib Warning: Citation `metropolis_monte_1949' on page 1 undefined on
 input line 147.

LaTeX Font Info:    Font shape `TU/SourceSansPro(0)/b/n' will be
(Font)              scaled to size 11.0pt on input line 148.
LaTeX Font Info:    Font shape `TU/SourceSansPro(0)/b/n' will be
(Font)              scaled to size 9.0pt on input line 151.
[1

{/Users/larryslai/Library/Application Support/MiKTeX/texmfs/data/fonts/map/pdfte
x/pdftex.map}<./banner.png>]

LaTeX Warning: Reference `fig:1' on page 2 undefined on input line 156.


LaTeX Warning: Reference `fig:1' on page 2 undefined on input line 156.


LaTeX Warning: Reference `fig:2' on page 2 undefined on input line 156.


LaTeX Warning: Reference `fig:1' on page 2 undefined on input line 156.


LaTeX Warning: Reference `fig:2' on page 2 undefined on input line 156.

<empty.png, id=23, 297.11pt x 205.568pt>
File: empty.png Graphic file (type png)
<use empty.png>
Package luatex.def Info: empty.png  used on input line 160.
(luatex.def)             Requested size: 244.69386pt x 169.31023pt.
LaTeX Font Info:    Font shape `TU/SourceSansPro(0)/b/n' will be
(Font)              scaled to size 10.95pt on input line 161.
File: empty.png Graphic file (type png)
<use empty.png>
Package luatex.def Info: empty.png  used on input line 168.
(luatex.def)             Requested size: 512.14963pt x 354.40753pt.

LaTeX Warning: Reference `tab:1' on page 2 undefined on input line 185.


LaTeX Warning: Reference `eq1' on page 2 undefined on input line 188.

Excluding 'closing' comment. Excluding 'closing' comment.
Excluding 'closing' comment.
No file main.bbl.

Package natbib Warning: There were undefined citations.

LaTeX Font Info:    Font shape `TU/SourceSansPro(0)/m/n' will be
(Font)              scaled to size 9.0pt on input line 213.
LaTeX Font Info:    Font shape `TU/SourceSansPro(0)/m/sc' will be
(Font)              scaled to size 9.0pt on input line 213.
LaTeX Font Info:    Font shape `TU/SourceSansPro(0)/b/sc' will be
(Font)              scaled to size 9.0pt on input line 213.
[2<./empty.png>] [3]
("/Users/larryslai/Library/CloudStorage/Dropbox/My Documents/Geomorphica/Templa
tes/Geomorphica LaTeX template/main.aux")
 ***********
LaTeX2e <2023-11-01> patch level 1
L3 programming layer <2024-03-14>
 ***********


LaTeX Font Warning: Some font shapes were not available, defaults substituted.


LaTeX Warning: There were undefined references.


LaTeX Warning: Label(s) may have changed. Rerun to get cross-references right.

)

Here is how much of LuaTeX's memory you used:
 32789 strings out of 476444
 125081,1977958 words of node,token memory allocated
 1203 words of node memory still in use:
   21 hlist, 3 vlist, 6 rule, 1 adjust, 1 local_par, 2 math, 11 glue, 10 kern, 7
 penalty, 18 glyph, 28 attribute, 85 glue_spec, 28 attribute_list, 3 write, 6 pd
f_colorstack nodes
   avail lists: 1:1,2:824,3:307,4:254,5:1178,6:65,7:7079,8:42,9:487,10:10,11:469

 54061 multiletter control sequences out of 65536+600000
 112 fonts using 22150463 bytes
 106i,12n,129p,911b,601s stack positions out of 10000i,1000n,20000p,200000b,200000s
<</Users/larryslai/Library/Application Support/MiKTeX/texmfs/data/fonts/pk/ljfou
r/jknappen/ec/dpi600/ecrm1095.pk>></Users/larryslai/Library/Application Support/
MiKTeX/texmfs/install/fonts/opentype/adobe/sourcesanspro/SourceSansPro-Bold.otf>
</Users/larryslai/Library/Application Support/MiKTeX/texmfs/install/fonts/openty
pe/adobe/sourcesanspro/SourceSansPro-Regular.otf></Library/Application Support/M
iKTeX/texmfs/install/fonts/type1/public/amsfonts/cm/cmbx10.pfb></Library/Applica
tion Support/MiKTeX/texmfs/install/fonts/type1/public/amsfonts/cm/cmmi10.pfb></L
ibrary/Application Support/MiKTeX/texmfs/install/fonts/type1/public/amsfonts/cm/
cmmi8.pfb></Library/Application Support/MiKTeX/texmfs/install/fonts/type1/public
/amsfonts/cm/cmr10.pfb></Library/Application Support/MiKTeX/texmfs/install/fonts
/type1/public/amsfonts/cm/cmr8.pfb></Library/Application Support/MiKTeX/texmfs/i
nstall/fonts/type1/public/amsfonts/cm/cmsy10.pfb></Library/Application Support/M
iKTeX/texmfs/install/fonts/type1/public/amsfonts/cm/cmsy8.pfb>
Output written on main.pdf (3 pages, 230271 bytes).

PDF statistics: 113 PDF objects out of 1000 (max. 8388607)
 15 named destinations out of 1000 (max. 131072)
 72 words of extra memory for PDF output out of 10000 (max. 100000000)

